# stats: dump at 1453912483
stats: users 100 100
stats: users_count 100 100
stats: finish_users_count 0 0
stats: request 179 3170.864466491359 2976.2483472399454 7497.291015625 19.099853515625 0 0
stats: page 179 3170.864466491359 2976.2483472399454 7497.291015625 19.099853515625 0 0
stats: connect 102 1.3900649126838236 2.16759755460379 13.636962890625 0.6689453125 0 0
stats: tr_loginURL 179 3171.0408001265714 2976.206413282147 7497.443115234375 19.230224609375 0 0
stats: 200 179 179
stats: size_rcv 41561 41561
stats: size_sent 28417 28417
stats: connected 99 99
# stats: dump at 1453912493
stats: users 100 100
stats: users_count 0 100
stats: finish_users_count 0 0
stats: request 316 70.07169158549249 52.0492597891987 7497.291015625 19.057861328125 3170.864466491359 179
stats: page 316 70.07169158549249 52.0492597891987 7497.291015625 19.057861328125 3170.864466491359 179
stats: connect 45 0.9576605902777777 0.14539601731259233 13.636962890625 0.6689453125 1.3900649126838236 102
stats: tr_loginURL 316 70.21756560893 52.05538638279004 7497.443115234375 19.169189453125 3171.0408001265714 179
stats: 200 316 495
stats: size_rcv 73532 115093
stats: size_sent 49455 77872
stats: connected -13 86
# stats: dump at 1453912503
stats: users 100 100
stats: users_count 0 100
stats: finish_users_count 0 0
stats: request 338 84.17683726654954 57.76535311231443 7497.291015625 18.711181640625 1191.3684728140786 495
stats: page 338 84.17683726654954 57.76535311231443 7497.291015625 18.711181640625 1191.3684728140786 495
stats: connect 52 2.9098369891826925 8.003937754170158 44.1279296875 0.6689453125 1.2576962425595237 147
stats: tr_loginURL 338 84.32855477417709 57.7601350245297 7497.443115234375 18.828125 1191.5253615254103 495
stats: 200 338 833
stats: size_rcv 78633 193726
stats: size_sent 53694 131566
stats: connected -8 78
# stats: dump at 1453912513
stats: users 100 100
stats: users_count 0 100
stats: finish_users_count 0 0
stats: request 344 72.77435728561055 61.595909658079606 7497.291015625 0.6240234375 742.1118427839888 833
stats: page 344 72.77435728561055 61.595909658079606 7497.291015625 0.6240234375 742.1118427839888 833
stats: connect 58 1.5552010371767242 2.7442670592670098 44.1279296875 0.6689453125 1.689411412531407 199
stats: tr_loginURL 344 72.91463381745095 61.589722309738 7497.443115234375 0.76806640625 742.2666332157863 833
stats: 200 343 1176
stats: size_rcv 79814 273540
stats: size_sent 53694 185260
stats: connected 4 82
# stats: dump at 1453912523
stats: users 100 100
stats: users_count 0 100
stats: finish_users_count 0 0
stats: request 301 83.3314829474668 73.21644124893683 7497.291015625 0.6240234375 546.4855938362894 1177
stats: page 301 83.3314829474668 73.21644124893683 7497.291015625 0.6240234375 546.4855938362894 1177
stats: connect 59 0.9522270590572034 0.11193549885542363 44.1279296875 0.6689453125 1.659122689688716 257
stats: tr_loginURL 301 83.47090995509761 73.22273728030063 7497.443115234375 0.76806640625 546.6361423126194 1177
stats: 200 301 1477
stats: size_rcv 70014 343554
stats: size_sent 47100 232360
stats: connected 1 83
# stats: dump at 1453912533
stats: users 100 100
stats: users_count 0 100
stats: finish_users_count 0 0
stats: request 347 76.57127006596725 70.88891738151966 7497.291015625 0.6240234375 452.1625983169825 1478
stats: page 347 76.57127006596725 70.88891738151966 7497.291015625 0.6240234375 452.1625983169825 1478
stats: connect 55 0.9759144176136364 0.17491946793831498 44.1279296875 0.6689453125 1.5271390118176424 316
stats: tr_loginURL 347 76.71316431578711 70.8803631742768 7497.443115234375 0.76806640625 452.3108818663311 1478
stats: 200 347 1824
stats: size_rcv 80757 424311
stats: size_sent 54322 286682
stats: connected 2 85
# stats: dump at 1453912543
stats: users 100 100
stats: users_count 0 100
stats: finish_users_count 0 0
stats: request 273 585.2864833733977 574.6832035051859 7497.291015625 0.6240234375 380.7487950824059 1825
stats: page 273 585.2864833733977 574.6832035051859 7497.291015625 0.6240234375 380.7487950824059 1825
stats: connect 74 0.9013539907094594 0.11731807473763718 44.1279296875 0.6689453125 1.4454210800623315 371
stats: tr_loginURL 273 585.4292475103022 574.6948977745558 7497.443115234375 0.76806640625 380.8958637895975 1825
stats: 200 273 2097
stats: size_rcv 63347 487658
stats: size_sent 43489 330171
stats: connected 0 85
# stats: dump at 1453912553
stats: users 100 100
stats: users_count 0 100
stats: finish_users_count 0 0
stats: request 317 99.36359162435927 87.48164230674537 7497.291015625 0.6240234375 407.3640424148372 2098
stats: page 317 99.36359162435927 87.48164230674537 7497.291015625 0.6240234375 407.3640424148372 2098
stats: connect 52 6.682363656850962 13.784464887400544 51.542236328125 0.656982421875 1.3549470022823034 445
stats: tr_loginURL 317 99.50359972643928 87.4714510991986 7497.443115234375 0.76806640625 407.5105509944366 2098
stats: 200 317 2414
stats: size_rcv 73728 561386
stats: size_sent 49298 379469
stats: connected -3 82
# stats: dump at 1453912563
stats: users 100 100
stats: users_count 0 100
stats: finish_users_count 0 0
stats: request 333 92.11089556353232 69.27612648751877 7497.291015625 0.6240234375 366.93499773550735 2415
stats: page 333 92.11089556353232 69.27612648751877 7497.291015625 0.6240234375 366.93499773550735 2415
stats: connect 64 12.110912322998045 20.267358909989994 54.698974609375 0.656982421875 1.912342708595322 497
stats: tr_loginURL 333 92.25669883750936 69.27397693593953 7497.443115234375 0.76806640625 367.0806530433165 2415
stats: 200 333 2747
stats: size_rcv 77479 638865
stats: size_sent 52124 431593
stats: connected 2 84
# stats: dump at 1453912573
stats: users 100 100
stats: users_count 0 100
stats: finish_users_count 0 0
stats: request 319 81.4361254653213 72.25002259293677 7497.291015625 0.6240234375 333.6320770574623 2748
stats: page 319 81.4361254653213 72.25002259293677 7497.291015625 0.6240234375 333.6320770574623 2748
stats: connect 52 0.9080012394831731 0.12398475049272352 54.698974609375 0.656982421875 3.0758158909870765 561
stats: tr_loginURL 319 81.56365335398705 72.24745417816212 7497.443115234375 0.76806640625 333.7777502956696 2748
stats: 200 319 3066
stats: size_rcv 74204 713069
stats: size_sent 50397 481990
stats: connected -1 83
# stats: dump at 1453912583
stats: users 100 100
stats: users_count 0 100
stats: finish_users_count 0 0
stats: request 355 85.63222106073947 71.91778238120379 7497.291015625 0.6240234375 307.40106676796347 3067
stats: page 355 85.63222106073947 71.91778238120379 7497.291015625 0.6240234375 307.40106676796347 3067
stats: connect 54 0.9696497034143519 0.15955402776987773 54.698974609375 0.656982421875 2.8919229678578713 613
stats: tr_loginURL 355 85.77262736575706 71.91603128899331 7497.443115234375 0.76806640625 307.5448527004962 3067
stats: 200 355 3421
stats: size_rcv 82572 795641
stats: size_sent 55578 537568
stats: connected 4 87
# stats: dump at 1453912593
stats: users 100 100
stats: users_count 0 100
stats: finish_users_count 0 0
stats: request 301 83.67111013418814 55.764928823988384 7497.291015625 0.6240234375 284.39465524661205 3422
stats: page 301 83.67111013418814 55.764928823988384 7497.291015625 0.6240234375 284.39465524661205 3422
stats: connect 71 4.747661751760563 8.759621639582218 54.698974609375 0.656982421875 2.736296646598576 667
stats: tr_loginURL 301 83.81045603197673 55.75436654761991 7497.443115234375 0.76806640625 284.5380905748877 3422
stats: 200 301 3722
stats: size_rcv 70020 865661
stats: size_sent 48199 585767
stats: connected -1 86
# stats: dump at 1453912594
stats: users 100 100
stats: users_count 0 100
stats: finish_users_count 0 0
stats: request 33 59.85215435606061 36.77825188865737 7497.291015625 0.6240234375 268.16640193507845 3723
stats: page 33 59.85215435606061 36.77825188865737 7497.291015625 0.6240234375 268.16640193507845 3723
stats: connect 2 0.8614501953125 0.0184326171875 54.698974609375 0.656982421875 2.9298019615938347 738
stats: tr_loginURL 33 59.97327769886364 36.77070910940593 7497.443115234375 0.76806640625 268.309506637897 3723
stats: 200 33 3755
stats: size_rcv 7680 873341
stats: size_sent 3925 589692
stats: connected -4 82
stats: error_abort 1 1
EndMonitor:{1453,912594,962851}
