# stats: dump at 1453914209
stats: users 225 225
stats: users_count 225 225
stats: finish_users_count 0 0
stats: connect 228 2245.173536869518 3151.4291226647665 7020.36181640625 0.493896484375 0 0
stats: request 195 3252.3646371694713 3121.7974450546253 7946.89111328125 19.046875 0 0
stats: tr_loginURL 195 3252.5746982672276 3121.710678393865 7946.98388671875 19.159912109375 0 0
stats: page 195 3252.3646371694713 3121.7974450546253 7946.89111328125 19.046875 0 0
stats: 200 195 195
stats: size_rcv 45280 45280
stats: size_sent 48670 48670
stats: connected 220 220
# stats: dump at 1453914219
stats: users 225 225
stats: users_count 0 225
stats: finish_users_count 0 0
stats: request 423 4504.254926677011 4890.924288913374 16643.22802734375 19.046875 3252.3646371694713 195
stats: page 423 4504.254926677011 4890.924288913374 16643.22802734375 19.046875 3252.3646371694713 195
stats: connect 55 0.9093705610795455 0.7829900924519477 7020.36181640625 0.493896484375 2245.173536869518 228
stats: 200 423 618
stats: tr_loginURL 423 4504.388244773198 4890.928017183291 16643.352783203125 19.159912109375 3252.5746982672276 195
stats: size_rcv 97772 143052
stats: size_sent 63585 112255
stats: connected -8 212
# stats: dump at 1453914229
stats: users 225 225
stats: users_count 0 225
stats: finish_users_count 0 0
stats: request 474 1827.5343599601129 642.1287132483054 16643.22802734375 19.046875 4109.241000376089 618
stats: connect 76 0.853624845805921 0.41835648226645794 7020.36181640625 0.493896484375 1809.0091229226484 283
stats: page 474 1827.5343599601129 642.1287132483054 16643.22802734375 19.046875 4109.241000376089 618
stats: tr_loginURL 474 1827.678252529997 642.1327603594592 16643.352783203125 19.159912109375 4109.398533497042 618
stats: 200 474 1092
stats: size_rcv 109487 252539
stats: size_sent 74575 186830
stats: connected -7 205
# stats: dump at 1453914239
stats: users 225 225
stats: users_count 0 225
stats: finish_users_count 0 0
stats: request 503 1637.5216998788521 274.797394560774 16643.22802734375 19.046875 3118.829876239484 1092
stats: page 503 1637.5216998788521 274.797394560774 16643.22802734375 19.046875 3118.829876239484 1092
stats: connect 79 0.863905508306962 0.5840238610505326 7020.36181640625 0.493896484375 1426.2241149732333 359
stats: tr_loginURL 503 1637.662409333064 274.79682149637136 16643.352783203125 19.159912109375 3118.9814884618963 1092
stats: 200 503 1595
stats: size_rcv 116170 368709
stats: size_sent 75988 262818
stats: connected -11 194
# stats: dump at 1453914249
stats: users 225 225
stats: users_count 0 225
stats: finish_users_count 0 0
stats: request 502 1745.4775755376932 311.2220497078897 16643.22802734375 19.046875 2651.683786766507 1595
stats: page 502 1745.4775755376932 311.2220497078897 16643.22802734375 19.046875 2651.683786766507 1595
stats: connect 94 0.7863094248670213 0.13475260242825976 7020.36181640625 0.493896484375 1169.1385977409748 438
stats: tr_loginURL 502 1745.6119287498445 311.22076124791477 16643.352783203125 19.159912109375 2651.8319606864716 1595
stats: 200 502 2097
stats: size_rcv 115923 484632
stats: size_sent 75988 338806
stats: connected 2 196
# stats: dump at 1453914259
stats: users 225 225
stats: users_count 0 225
stats: finish_users_count 0 0
stats: request 404 1794.5770173025599 461.34346736147336 16643.22802734375 19.046875 2434.7474405400576 2097
stats: page 404 1794.5770173025599 461.34346736147336 16643.22802734375 19.046875 2434.7474405400576 2097
stats: connect 109 0.9318354895355505 0.5837412219941515 7020.36181640625 0.493896484375 962.7004114595572 532
stats: 200 404 2501
stats: tr_loginURL 404 1794.7094363977412 461.3432329074136 16643.352783203125 19.159912109375 2434.892305926249 2097
stats: size_rcv 93323 577955
stats: size_sent 71592 410398
stats: connected 3 199
# stats: dump at 1453914269
stats: users 225 225
stats: users_count 0 225
stats: finish_users_count 0 0
stats: page 466 2166.727254581042 542.3467087925856 16643.22802734375 19.046875 2331.337264215408 2501
stats: connect 77 0.8165584415584416 0.25254734052356403 7020.36181640625 0.493896484375 799.1547409747953 641
stats: 200 466 2967
stats: request 466 2166.727254581042 542.3467087925856 16643.22802734375 19.046875 2331.337264215408 2501
stats: tr_loginURL 466 2166.8576712546974 542.3464779103209 16643.352783203125 19.159912109375 2331.4801190851786 2501
stats: size_rcv 107604 685559
stats: size_sent 68609 479007
stats: connected 2 201
# stats: dump at 1453914279
stats: users 225 225
stats: users_count 0 225
stats: finish_users_count 0 0
stats: request 387 2775.1872754158603 619.2190897997316 16643.22802734375 19.046875 2305.483450770981 2967
stats: connect 68 0.8104858398437501 0.11058014702206007 7020.36181640625 0.493896484375 713.5390863020109 718
stats: page 387 2775.1872754158603 619.2190897997316 16643.22802734375 19.046875 2305.483450770981 2967
stats: tr_loginURL 387 2775.3180382701457 619.219728731949 16643.352783203125 19.159912109375 2305.624352085177 2967
stats: 200 387 3354
stats: size_rcv 89364 774923
stats: size_sent 63899 542906
stats: connected 3 204
# stats: dump at 1453914289
stats: users 225 225
stats: users_count 0 225
stats: finish_users_count 0 0
stats: request 493 1998.7263921462982 737.1138079186787 16643.22802734375 19.046875 2359.6800459223136 3354
stats: page 493 1998.7263921462982 737.1138079186787 16643.22802734375 19.046875 2359.6800459223136 3354
stats: connect 72 0.9899190266927084 1.2494998881386294 7020.36181640625 0.493896484375 651.8780877887446 786
stats: tr_loginURL 493 1998.866578386472 737.1134132092711 16643.352783203125 19.159912109375 2359.8197774142122 3354
stats: 200 493 3847
stats: size_rcv 113905 888828
stats: size_sent 69394 612300
stats: connected -5 199
# stats: dump at 1453914299
stats: users 225 225
stats: users_count 0 225
stats: finish_users_count 0 0
stats: request 457 1506.202835450286 270.01812562020353 16643.22802734375 19.046875 2313.423183091127 3847
stats: tr_loginURL 457 1506.337264513813 270.01531994577323 16643.352783203125 19.159912109375 2313.5629728598383 3847
stats: page 457 1506.202835450286 270.01812562020353 16643.22802734375 19.046875 2313.423183091127 3847
stats: connect 102 0.8590470856311274 0.8952441705782653 7020.36181640625 0.493896484375 597.258101598922 858
stats: 200 457 4304
stats: size_rcv 105580 994408
stats: size_sent 78814 691114
stats: connected -7 192
# stats: dump at 1453914309
stats: users 225 225
stats: users_count 0 225
stats: finish_users_count 0 0
stats: request 507 1772.1697191467888 255.47474497123065 16643.22802734375 19.046875 2227.712286513092 4304
stats: tr_loginURL 507 1772.2959244406431 255.47458450265117 16643.352783203125 19.159912109375 2227.8515070805324 4304
stats: page 507 1772.1697191467888 255.47474497123065 16643.22802734375 19.046875 2227.712286513092 4304
stats: connect 86 0.780287631722384 0.11976684875846366 7020.36181640625 0.493896484375 533.8907020568848 960
stats: 200 507 4811
stats: size_rcv 117072 1111480
stats: size_sent 75831 766945
stats: connected 4 196
# stats: dump at 1453914319
stats: users 225 225
stats: users_count 0 225
stats: finish_users_count 0 0
stats: page 497 1480.5681171992887 400.3405188149794 16643.22802734375 19.046875 2179.7056181167677 4811
stats: 200 497 5308
stats: request 497 1480.5681171992887 400.3405188149794 16643.22802734375 19.046875 2179.7056181167677 4811
stats: connect 92 0.8920394234035326 0.4245024842565419 7020.36181640625 0.493896484375 490.0594442743189 1046
stats: tr_loginURL 497 1480.6942735514651 400.34292976398064 16643.352783203125 19.159912109375 2179.8434670891743 4811
stats: size_rcv 114881 1226361
stats: size_sent 76930 843875
stats: connected -4 192
# stats: dump at 1453914320
stats: users 225 225
stats: users_count 0 225
stats: finish_users_count 0 0
stats: page 29 1335.0842790274783 153.9407120399406 16643.22802734375 19.046875 2114.2437986073505 5308
stats: 200 29 5337
stats: request 29 1335.0842790274783 153.9407120399406 16643.22802734375 19.046875 2114.2437986073505 5308
stats: connect 10 0.789306640625 0.06798595342292028 7020.36181640625 0.493896484375 450.5133974849654 1138
stats: tr_loginURL 29 1335.2139513739223 153.95089534511237 16643.352783203125 19.159912109375 2114.380552773379 5308
stats: size_rcv 6704 1233065
stats: size_sent 8321 852196
stats: connected -2 190
stats: error_abort 1 1
EndMonitor:{1453,914320,266883}
