# stats: dump at 1453913803
stats: users 50 50
stats: users_count 50 50
stats: finish_users_count 0 0
stats: request 161 973.8409507230206 1693.8285444511127 4934.739990234375 19.02392578125 0 0
stats: page 161 973.8409507230206 1693.8285444511127 4934.739990234375 19.02392578125 0 0
stats: connect 52 0.9317767803485577 0.3820047717513348 3.51318359375 0.60302734375 0 0
stats: tr_loginURL 161 974.0219908530668 1693.797024732511 4934.838134765625 19.1259765625 0 0
stats: 200 161 161
stats: size_rcv 37448 37448
stats: size_sent 25277 25277
stats: connected 48 48
# stats: dump at 1453913813
stats: users 50 50
stats: users_count 0 50
stats: finish_users_count 0 0
stats: request 162 45.8724093967014 31.224254945196304 4934.739990234375 18.97509765625 973.8409507230206 161
stats: page 162 45.8724093967014 31.224254945196304 4934.739990234375 18.97509765625 973.8409507230206 161
stats: connect 26 0.9438570462740384 0.15811865716394552 3.51318359375 0.60302734375 0.9317767803485577 52
stats: tr_loginURL 162 46.01231855227621 31.215436902771554 4934.838134765625 19.0869140625 974.0219908530668 161
stats: 200 162 323
stats: size_rcv 37725 75173
stats: size_sent 25434 50711
stats: connected -8 40
# stats: dump at 1453913823
stats: users 50 50
stats: users_count 0 50
stats: finish_users_count 0 0
stats: request 166 42.13687611775225 27.662205191902288 4934.739990234375 18.97509765625 508.4201962497583 323
stats: page 166 42.13687611775225 27.662205191902288 4934.739990234375 18.97509765625 508.4201962497583 323
stats: connect 28 1.0345458984375004 0.18356415182458025 3.51318359375 0.60302734375 0.9358035356570513 78
stats: tr_loginURL 166 42.289868458207835 27.663497395889564 4934.838134765625 19.0869140625 508.5806072223297 323
stats: 200 166 489
stats: size_rcv 38643 113816
stats: size_sent 26219 76930
stats: connected -2 38
# stats: dump at 1453913833
stats: users 50 50
stats: users_count 0 50
stats: finish_users_count 0 0
stats: request 191 42.77786526505236 40.02987699795678 4934.739990234375 18.93701171875 350.13178900658244 489
stats: page 191 42.77786526505236 40.02987699795678 4934.739990234375 18.93701171875 350.13178900658244 489
stats: connect 34 1.047535615808824 0.19814247870960916 3.51318359375 0.60302734375 0.9618864239386794 106
stats: tr_loginURL 191 42.947617136371036 40.03628925401518 4934.838134765625 19.049072265625 350.28968158870146 489
stats: 200 191 680
stats: size_rcv 44473 158289
stats: size_sent 29987 106917
stats: connected 1 39
# stats: dump at 1453913843
stats: users 50 50
stats: users_count 0 50
stats: finish_users_count 0 0
stats: request 169 39.251109467455635 24.610681304842682 4934.739990234375 18.912109375 263.80149572035856 680
stats: page 169 39.251109467455635 24.610681304842682 4934.739990234375 18.912109375 263.80149572035856 680
stats: connect 29 0.9894430226293104 0.13709791484176617 3.51318359375 0.60302734375 0.982686941964286 140
stats: tr_loginURL 169 39.39234120747041 24.606658831706724 4934.838134765625 19.014892578125 263.96271936753215 680
stats: 200 169 849
stats: size_rcv 39358 197647
stats: size_sent 26690 133607
stats: connected 2 41
# stats: dump at 1453913853
stats: users 50 50
stats: users_count 0 50
stats: finish_users_count 0 0
stats: request 161 66.49808326863354 87.79056686113545 4934.739990234375 18.912109375 219.10300893974537 849
stats: page 161 66.49808326863354 87.79056686113545 4934.739990234375 18.912109375 219.10300893974537 849
stats: connect 29 1.1025727370689657 0.21375808947573807 3.51318359375 0.60302734375 0.9838462694156807 169
stats: tr_loginURL 161 66.68619134559394 87.80216402449997 4934.838134765625 19.014892578125 219.26025304356224 849
stats: 200 161 1010
stats: size_rcv 37475 235122
stats: size_sent 25277 158884
stats: connected 1 42
# stats: dump at 1453913863
stats: users 50 50
stats: users_count 0 50
stats: finish_users_count 0 0
stats: request 160 35.258049011230476 17.655975156590696 4934.739990234375 18.9091796875 194.77687722385525 1010
stats: page 160 35.258049011230476 17.655975156590696 4934.739990234375 18.9091796875 194.77687722385525 1010
stats: connect 33 1.0759499289772727 0.17093398071731797 3.51318359375 0.60302734375 1.0012354995265154 198
stats: tr_loginURL 160 35.41736450195312 17.657052648748106 4934.838134765625 19.014892578125 194.93904122834155 1010
stats: 200 160 1170
stats: size_rcv 37260 272382
stats: size_sent 24963 183847
stats: connected -1 41
# stats: dump at 1453913873
stats: users 50 50
stats: users_count 0 50
stats: finish_users_count 0 0
stats: request 161 34.94169284986413 22.19471418430794 4934.739990234375 18.9091796875 172.96233661358178 1170
stats: page 161 34.94169284986413 22.19471418430794 4934.739990234375 18.9091796875 172.96233661358178 1170
stats: connect 27 1.0879810474537037 0.22886965171223128 3.51318359375 0.60302734375 1.011908989448052 231
stats: tr_loginURL 161 35.11716930318323 22.189172782684313 4934.838134765625 19.014892578125 173.12411107772434 1170
stats: 200 161 1331
stats: size_rcv 37497 309879
stats: size_sent 25120 208967
stats: connected 1 42
# stats: dump at 1453913883
stats: users 50 50
stats: users_count 0 50
stats: finish_users_count 0 0
stats: request 189 37.931950644841265 20.05693832613118 4934.739990234375 18.9091796875 156.26712726274891 1331
stats: page 189 37.931950644841265 20.05693832613118 4934.739990234375 18.9091796875 156.26712726274891 1331
stats: connect 25 1.0545214843750004 0.21798397238022035 3.51318359375 0.60302734375 1.019870018774225 258
stats: tr_loginURL 189 38.09493840939151 20.05405918260987 4934.838134765625 19.014892578125 156.43055914256198 1331
stats: 200 189 1520
stats: size_rcv 44012 353891
stats: size_sent 29830 238797
stats: connected 2 44
# stats: dump at 1453913893
stats: users 50 50
stats: users_count 0 50
stats: finish_users_count 0 0
stats: request 168 42.85612851097469 35.539514551924235 4934.739990234375 18.9091796875 141.55308227539066 1520
stats: page 168 42.85612851097469 35.539514551924235 4934.739990234375 18.9091796875 141.55308227539066 1520
stats: connect 26 1.0364896334134617 0.14020603451451008 3.51318359375 0.60302734375 1.0229311023078622 283
stats: tr_loginURL 168 43.01054019019718 35.529764002010886 4934.838134765625 19.014892578125 141.71645893297696 1520
stats: 200 168 1688
stats: size_rcv 39114 393005
stats: size_sent 26219 265016
stats: connected -2 42
# stats: dump at 1453913903
stats: users 50 50
stats: users_count 0 50
stats: finish_users_count 0 0
stats: request 175 43.268272879464284 36.98267202274755 4934.739990234375 18.9091796875 131.73016270642034 1688
stats: page 175 43.268272879464284 36.98267202274755 4934.739990234375 18.9091796875 131.73016270642034 1688
stats: connect 26 1.0010516826923077 0.20756648455613122 3.51318359375 0.60302734375 1.024071949585356 309
stats: tr_loginURL 175 43.44085658482142 36.96707868453647 4934.838134765625 19.014892578125 131.89264711497518 1688
stats: 200 175 1863
stats: size_rcv 40745 433750
stats: size_sent 27475 292491
stats: connected 2 44
# stats: dump at 1453913913
stats: users 50 50
stats: users_count 0 50
stats: finish_users_count 0 0
stats: request 170 42.882983398437524 28.440415148325542 4934.739990234375 18.9091796875 123.42053805815554 1863
stats: page 170 42.882983398437524 28.440415148325542 4934.739990234375 18.9091796875 123.42053805815554 1863
stats: connect 30 0.8816487630208333 0.17793383109047028 3.51318359375 0.599853515625 1.022285302005597 335
stats: tr_loginURL 170 43.029008214613974 28.434475108607653 4934.838134765625 19.014892578125 123.58397113924951 1863
stats: 200 170 2033
stats: size_rcv 39583 473333
stats: size_sent 27318 319809
stats: connected -3 41
# stats: dump at 1453913914
stats: users 50 50
stats: users_count 0 50
stats: finish_users_count 0 0
stats: request 16 43.641265869140625 31.915948912651377 4934.739990234375 18.9091796875 116.68596634534096 2033
stats: page 16 43.641265869140625 31.915948912651377 4934.739990234375 18.9091796875 116.68596634534096 2033
stats: connect 1 0.944091796875 0.0 3.51318359375 0.599853515625 1.0107261344178082 365
stats: tr_loginURL 16 43.77262878417969 31.906769992138493 4934.838134765625 19.014892578125 116.84794374269859 2033
stats: 200 16 2049
stats: size_rcv 3726 477059
stats: size_sent 1884 321693
stats: connected -3 38
stats: error_abort 1 1
EndMonitor:{1453,913914,487942}
