# stats: dump at 1453914009
stats: users 25 25
stats: users_count 25 25
stats: finish_users_count 0 0
stats: request 81 527.4824701003087 1104.2054238385492 3440.198974609375 19.044921875 0 0
stats: page 81 527.4824701003087 1104.2054238385492 3440.198974609375 19.044921875 0 0
stats: connect 26 1.0839468149038458 0.2894430426845336 2.252197265625 0.719970703125 0 0
stats: tr_loginURL 81 527.6735749421297 1104.184786661607 3440.43212890625 19.1650390625 0 0
stats: 200 81 81
stats: size_rcv 18861 18861
stats: size_sent 13031 13031
stats: connected 23 23
# stats: dump at 1453914019
stats: users 25 25
stats: users_count 0 25
stats: finish_users_count 0 0
stats: request 89 27.586049969276687 10.64090776627495 3440.198974609375 19.044921875 527.4824701003087 81
stats: page 89 27.586049969276687 10.64090776627495 3440.198974609375 19.044921875 527.4824701003087 81
stats: connect 17 1.1546559053308822 0.20737350435111307 2.252197265625 0.719970703125 1.0839468149038458 26
stats: tr_loginURL 89 27.76120578037219 10.634382242422287 3440.43212890625 19.1650390625 527.6735749421297 81
stats: 200 89 170
stats: size_rcv 20726 39587
stats: size_sent 13659 26690
stats: connected -2 21
# stats: dump at 1453914029
stats: users 25 25
stats: users_count 0 25
stats: finish_users_count 0 0
stats: request 86 35.36571413971657 31.0018614261782 3440.198974609375 19.028076171875 265.77199132582723 170
stats: page 86 35.36571413971657 31.0018614261782 3440.198974609375 19.028076171875 265.77199132582723 170
stats: connect 14 1.0885707310267856 0.23064012004888226 2.252197265625 0.719970703125 1.1119015715843021 43
stats: tr_loginURL 86 35.52507551326309 30.996054412097877 3440.43212890625 19.135009765625 265.9547463809743 170
stats: 200 86 256
stats: size_rcv 20026 59613
stats: size_sent 13502 40192
stats: connected 0 21
# stats: dump at 1453914039
stats: users 25 25
stats: users_count 0 25
stats: finish_users_count 0 0
stats: request 92 27.858167565387234 11.548804305514404 3440.198974609375 18.97119140625 188.3698825836182 256
stats: page 92 27.858167565387234 11.548804305514404 3440.198974609375 18.97119140625 188.3698825836182 256
stats: connect 13 0.9892953725961539 0.21603226673652512 2.252197265625 0.71484375 1.1061711896929822 57
stats: tr_loginURL 92 28.025239363960598 11.527512759293055 3440.43212890625 19.083984375 188.54477882385257 256
stats: 200 92 348
stats: size_rcv 21427 81040
stats: size_sent 14601 54793
stats: connected 1 22
# stats: dump at 1453914049
stats: users 25 25
stats: users_count 0 25
stats: finish_users_count 0 0
stats: request 80 27.80237731933594 14.397702441075634 3440.198974609375 18.97119140625 145.93575102707436 348
stats: page 80 27.80237731933594 14.397702441075634 3440.198974609375 18.97119140625 145.93575102707436 348
stats: connect 12 1.0264485677083333 0.19160812354598328 2.252197265625 0.677001953125 1.0844656808035713 70
stats: tr_loginURL 80 27.95588073730469 14.412975882698952 3440.43212890625 19.083984375 146.10857873675468 348
stats: 200 80 428
stats: size_rcv 18631 99671
stats: size_sent 12403 67196
stats: connected -3 19
# stats: dump at 1453914059
stats: users 25 25
stats: users_count 0 25
stats: finish_users_count 0 0
stats: request 80 34.59621887207031 19.34942950654782 3440.198974609375 18.89111328125 123.85474659572138 428
stats: page 80 34.59621887207031 19.34942950654782 3440.198974609375 18.89111328125 123.85474659572138 428
stats: connect 18 0.9566514756944444 0.1778974559900357 2.252197265625 0.677001953125 1.0759753715701217 82
stats: tr_loginURL 80 34.74852294921875 19.36099608113223 3440.43212890625 19.022216796875 124.02396228825934 428
stats: 200 80 508
stats: size_rcv 18633 118304
stats: size_sent 12560 79756
stats: connected 0 19
# stats: dump at 1453914069
stats: users 25 25
stats: users_count 0 25
stats: finish_users_count 0 0
stats: request 85 32.27591911764706 31.126885916640298 3440.198974609375 18.89111328125 109.7982855368787 508
stats: page 85 32.27591911764706 31.126885916640298 3440.198974609375 18.89111328125 109.7982855368787 508
stats: connect 18 0.896484375 0.13565531511484297 2.252197265625 0.660888671875 1.0544970703124996 100
stats: tr_loginURL 85 32.4230842141544 31.11340308288193 3440.43212890625 19.022216796875 109.96483798289862 508
stats: 200 85 593
stats: size_rcv 19789 138093
stats: size_sent 13345 93101
stats: connected 3 22
# stats: dump at 1453914079
stats: users 25 25
stats: users_count 0 25
stats: finish_users_count 0 0
stats: request 87 26.607273145653735 10.70843263016593 3440.198974609375 18.89111328125 98.6863105863986 593
stats: page 87 26.607273145653735 10.70843263016593 3440.198974609375 18.89111328125 98.6863105863986 593
stats: connect 12 0.9488728841145834 0.21957777755067864 2.252197265625 0.632080078125 1.0303934388241522 118
stats: tr_loginURL 87 26.755107309626435 10.722406113236385 3440.43212890625 19.022216796875 98.85008407000949 593
stats: 200 87 680
stats: size_rcv 20262 158355
stats: size_sent 13659 106760
stats: connected -1 21
# stats: dump at 1453914089
stats: users 25 25
stats: users_count 0 25
stats: finish_users_count 0 0
stats: request 96 26.050493876139324 13.642176285598216 3440.198974609375 18.89111328125 89.46443373736213 680
stats: page 96 26.050493876139324 13.642176285598216 3440.198974609375 18.89111328125 89.46443373736213 680
stats: connect 15 0.8941243489583334 0.15570695393323655 2.252197265625 0.632080078125 1.022868464543269 130
stats: tr_loginURL 96 26.189984639485672 13.638432917558323 3440.43212890625 19.022216796875 89.62616792566637 680
stats: 200 96 776
stats: size_rcv 22359 180714
stats: size_sent 15072 121832
stats: connected -1 20
# stats: dump at 1453914099
stats: users 25 25
stats: users_count 0 25
stats: finish_users_count 0 0
stats: request 88 32.478093927556806 21.339236319983883 3440.198974609375 18.864990234375 81.6194102493758 776
stats: page 88 32.478093927556806 21.339236319983883 3440.198974609375 18.864990234375 81.6194102493758 776
stats: connect 15 0.8763346354166667 0.08420597933461756 2.252197265625 0.632080078125 1.0095501077586204 145
stats: tr_loginURL 88 32.61427168412643 21.329569184830827 3440.43212890625 18.991943359375 81.77839267376771 776
stats: 200 88 864
stats: size_rcv 20491 201205
stats: size_sent 13973 135805
stats: connected -1 19
# stats: dump at 1453914109
stats: users 25 25
stats: users_count 0 25
stats: finish_users_count 0 0
stats: request 86 25.16696663789971 9.113204138482944 3440.198974609375 18.864990234375 76.6142761795609 864
stats: page 86 25.16696663789971 9.113204138482944 3440.198974609375 18.864990234375 76.6142761795609 864
stats: connect 14 1.0243617466517858 0.1707232684700992 2.252197265625 0.632080078125 0.9970611572265623 160
stats: tr_loginURL 86 25.31664755178052 9.122776835228473 3440.43212890625 18.991943359375 76.77093590630426 864
stats: 200 86 950
stats: size_rcv 20026 221231
stats: size_sent 13345 149150
stats: connected 2 21
# stats: dump at 1453914119
stats: users 25 25
stats: users_count 0 25
stats: finish_users_count 0 0
stats: request 76 29.041635613692435 14.964000316179668 3440.198974609375 18.864990234375 71.95694078947369 950
stats: page 76 29.041635613692435 14.964000316179668 3440.198974609375 18.864990234375 71.95694078947369 950
stats: connect 13 2.196026141826923 4.046298097188701 16.203125 0.632080078125 0.9992577563757182 174
stats: tr_loginURL 76 29.19536068564967 14.963485509709262 3440.43212890625 18.991943359375 72.11296875 950
stats: 200 76 1026
stats: size_rcv 17694 238925
stats: size_sent 11932 161082
stats: connected -1 20
# stats: dump at 1453914120
stats: users 25 25
stats: users_count 0 25
stats: finish_users_count 0 0
stats: request 10 21.6080322265625 4.07930382575751 3440.198974609375 18.864990234375 68.77802929497138 1026
stats: page 10 21.6080322265625 4.07930382575751 3440.198974609375 18.864990234375 68.77802929497138 1026
stats: connect 2 0.8580322265625 0.1129150390625 16.203125 0.632080078125 1.0824555585728608 187
stats: tr_loginURL 10 21.793115234375 4.059894402850154 3440.43212890625 18.991943359375 68.93388667115923 1026
stats: 200 10 1036
stats: size_rcv 2329 241254
stats: size_sent 1570 162652
stats: connected 1 21
stats: error_abort 1 1
EndMonitor:{1453,914120,368446}
