# stats: dump at 1453914695
stats: users 10 10
stats: users_count 10 10
stats: finish_users_count 0 0
stats: page 31 144.35274382560485 332.19362700736076 1323.593017578125 19.030029296875 0 0
stats: request 31 144.35274382560485 332.19362700736076 1323.593017578125 19.030029296875 0 0
stats: connect 11 1.3638805042613635 0.49460846799107994 2.39697265625 0.86083984375 0 0
stats: tr_loginURL 31 144.62251134072577 332.16929009563904 1323.77783203125 19.155029296875 0 0
stats: 200 31 31
stats: size_rcv 7222 7222
stats: size_sent 4867 4867
stats: connected 8 8
# stats: dump at 1453914705
stats: users 10 10
stats: users_count 0 10
stats: finish_users_count 0 0
stats: request 25 22.78470703125 5.3335625652442555 1323.593017578125 18.924072265625 144.35274382560485 31
stats: page 25 22.78470703125 5.3335625652442555 1323.593017578125 18.924072265625 144.35274382560485 31
stats: connect 5 0.91396484375 0.13022366649628195 2.39697265625 0.742919921875 1.3638805042613635 11
stats: tr_loginURL 25 22.923916015625 5.343524627787278 1323.77783203125 19.0458984375 144.62251134072577 31
stats: 200 25 56
stats: size_rcv 5824 13046
stats: size_sent 3925 8792
stats: connected 0 8
# stats: dump at 1453914715
stats: users 10 10
stats: users_count 0 10
stats: finish_users_count 0 0
stats: request 44 25.924843528053977 8.176631239919454 1323.593017578125 18.884033203125 90.081298828125 56
stats: page 44 25.924843528053977 8.176631239919454 1323.593017578125 18.884033203125 90.081298828125 56
stats: connect 7 0.9332798549107143 0.10827006309453123 2.39697265625 0.72900390625 1.2232818603515625 16
stats: tr_loginURL 44 26.06353759765625 8.168386226049892 1323.77783203125 19.0458984375 90.29278128487722 56
stats: 200 44 100
stats: size_rcv 10249 23295
stats: size_sent 6908 15700
stats: connected 2 10
# stats: dump at 1453914725
stats: users 10 10
stats: users_count 0 10
stats: finish_users_count 0 0
stats: request 34 28.176133099724264 13.094272323309964 1323.593017578125 18.884033203125 61.85245849609375 100
stats: tr_loginURL 34 28.402753044577207 13.11348114796059 1323.77783203125 19.0458984375 62.03191406249999 100
stats: page 34 28.176133099724264 13.094272323309964 1323.593017578125 18.884033203125 61.85245849609375 100
stats: connect 4 1.12579345703125 0.18617578632825915 2.39697265625 0.72900390625 1.1350203804347827 23
stats: 200 34 134
stats: size_rcv 7915 31210
stats: size_sent 5338 21038
stats: connected -1 9
# stats: dump at 1453914735
stats: users 10 10
stats: users_count 0 10
stats: finish_users_count 0 0
stats: tr_loginURL 30 24.1330078125 7.4764952838019445 1323.77783203125 19.0458984375 53.49914186392257 134
stats: request 30 23.940576171875 7.471701077721593 1323.593017578125 18.884033203125 53.30771921641791 134
stats: page 30 23.940576171875 7.471701077721593 1323.593017578125 18.884033203125 53.30771921641791 134
stats: 200 30 164
stats: connect 5 0.983349609375 0.134047246034044 2.39697265625 0.72900390625 1.1336534288194446 27
stats: size_rcv 6989 38199
stats: size_sent 5024 26062
stats: connected -2 7
# stats: dump at 1453914745
stats: users 10 10
stats: users_count 0 10
stats: finish_users_count 0 0
stats: page 34 26.868207146139707 10.591912147980645 1323.593017578125 18.884033203125 47.93568085461128 164
stats: request 34 26.868207146139707 10.591912147980645 1323.593017578125 18.884033203125 47.93568085461128 164
stats: connect 7 1.172119140625 0.27491247220898335 2.39697265625 0.72900390625 1.1101684570312502 32
stats: tr_loginURL 34 27.042896943933822 10.574655916017779 1323.77783203125 19.0458984375 48.12728807402819 164
stats: 200 34 198
stats: size_rcv 7913 46112
stats: size_sent 5024 31086
stats: connected 2 9
# stats: dump at 1453914755
stats: users 10 10
stats: users_count 0 10
stats: finish_users_count 0 0
stats: request 28 25.371939522879465 8.67046558151841 1323.593017578125 18.884033203125 44.318033854166664 198
stats: page 28 25.371939522879465 8.67046558151841 1323.593017578125 18.884033203125 44.318033854166664 198
stats: connect 3 1.0196940104166667 0.1319028833529959 2.39697265625 0.72900390625 1.1212878104967952 39
stats: tr_loginURL 28 25.543178013392858 8.695973664260086 1323.77783203125 19.0458984375 44.50673606178977 198
stats: 200 28 226
stats: size_rcv 6519 52631
stats: size_sent 4396 35482
stats: connected -1 8
# stats: dump at 1453914765
stats: users 10 10
stats: users_count 0 10
stats: finish_users_count 0 0
stats: connect 8 0.986907958984375 0.09737370147347318 2.39697265625 0.72900390625 1.1140311104910718 42
stats: request 36 24.04859076605903 7.218543952600831 1323.593017578125 18.884033203125 41.970730131706304 226
stats: tr_loginURL 36 24.23361545138889 7.226654992591993 1323.77783203125 19.0458984375 42.157268692961836 226
stats: page 36 24.04859076605903 7.218543952600831 1323.593017578125 18.884033203125 41.970730131706304 226
stats: 200 36 262
stats: size_rcv 8383 61014
stats: size_sent 5652 41134
stats: connected 1 9
# stats: dump at 1453914775
stats: users 10 10
stats: users_count 0 10
stats: finish_users_count 0 0
stats: request 33 21.03885535037879 4.982199292911299 1323.593017578125 18.884033203125 39.50814609673187 262
stats: page 33 21.03885535037879 4.982199292911299 1323.593017578125 18.884033203125 39.50814609673187 262
stats: connect 5 1.018310546875 0.1558142881264051 2.39697265625 0.72900390625 1.0936914062500003 50
stats: tr_loginURL 33 21.23059451941288 4.973552345746775 1323.77783203125 19.0458984375 39.69447664450143 262
stats: 200 33 295
stats: size_rcv 7685 68699
stats: size_sent 5181 46315
stats: connected -1 8
# stats: dump at 1453914785
stats: users 10 10
stats: users_count 0 10
stats: finish_users_count 0 0
stats: page 24 22.126291910807293 5.368735193676587 1323.593017578125 18.884033203125 37.44208984375 295
stats: request 24 22.126291910807293 5.368735193676587 1323.593017578125 18.884033203125 37.44208984375 295
stats: 200 24 319
stats: connect 9 0.9098036024305556 0.08653996846560587 2.39697265625 0.72900390625 1.086838600852273 55
stats: tr_loginURL 24 22.265981038411457 5.3669702845855545 1323.77783203125 19.0458984375 37.62902542372881 295
stats: size_rcv 5588 74287
stats: size_sent 3768 50083
stats: connected 1 9
# stats: dump at 1453914795
stats: users 10 10
stats: users_count 0 10
stats: finish_users_count 0 0
stats: request 36 26.443861219618057 9.680651899851012 1323.593017578125 18.884033203125 36.289804105848354 319
stats: tr_loginURL 36 26.61798095703125 9.693902964473617 1323.77783203125 19.0458984375 36.47318509379898 319
stats: page 36 26.443861219618057 9.680651899851012 1323.593017578125 18.884033203125 36.289804105848354 319
stats: connect 5 0.950390625 0.21097555311781196 2.39697265625 0.7109375 1.061943054199219 64
stats: 200 36 355
stats: size_rcv 8383 82670
stats: size_sent 5809 55892
stats: connected -3 6
# stats: dump at 1453914805
stats: users 10 10
stats: users_count 0 10
stats: finish_users_count 0 0
stats: request 45 25.93635525173611 11.067246359702795 1323.593017578125 18.884033203125 35.29134229203345 355
stats: 200 45 400
stats: page 45 25.93635525173611 11.067246359702795 1323.593017578125 18.884033203125 35.29134229203345 355
stats: connect 7 0.9658551897321429 0.11300402981305448 2.39697265625 0.7109375 1.0538595448369568 69
stats: tr_loginURL 45 26.070871310763888 11.059640334782411 1323.77783203125 19.0458984375 35.473784110915496 355
stats: size_rcv 10483 93153
stats: size_sent 7065 62957
stats: connected 3 9
# stats: dump at 1453914806
stats: users 10 10
stats: users_count 0 10
stats: finish_users_count 0 0
stats: request 4 24.45501708984375 5.399712436509053 1323.593017578125 18.884033203125 34.23890625 400
stats: connect 0 0 0 2.39697265625 0.7109375 1.045753880550987 76
stats: tr_loginURL 4 24.63311767578125 5.430671359535587 1323.77783203125 19.0458984375 34.41595642089844 400
stats: 200 4 404
stats: page 4 24.45501708984375 5.399712436509053 1323.593017578125 18.884033203125 34.23890625 400
stats: size_rcv 932 94085
stats: size_sent 471 63428
stats: connected 0 9
stats: error_abort 1 1
EndMonitor:{1453,914806,910646}
