# stats: dump at 1453913346
stats: users 125 125
stats: users_count 125 125
stats: finish_users_count 0 0
stats: request 317 1242.3757239501178 1769.9331470601865 6109.93798828125 18.775146484375 0 0
stats: page 317 1242.3757239501178 1769.9331470601865 6109.93798828125 18.775146484375 0 0
stats: connect 132 0.9083288944128788 0.39886577556858355 3.22412109375 0.5888671875 0 0
stats: tr_loginURL 317 1242.5470367335363 1769.9332226067932 6110.10595703125 18.908935546875 0 0
stats: 200 317 317
stats: size_rcv 73548 73548
stats: size_sent 49769 49769
stats: connected 105 105
# stats: dump at 1453913356
stats: users 125 125
stats: users_count 0 125
stats: finish_users_count 0 0
stats: request 381 136.86702538037255 114.10357397497265 6109.93798828125 18.775146484375 1242.3757239501178 317
stats: page 381 136.86702538037255 114.10357397497265 6109.93798828125 18.775146484375 1242.3757239501178 317
stats: connect 72 1.008100721571181 1.39053488993447 12.68701171875 0.5888671875 0.9083288944128788 132
stats: tr_loginURL 381 136.9936869463582 114.10209308576306 6110.10595703125 18.908935546875 1242.5470367335363 317
stats: 200 381 698
stats: size_rcv 88553 162101
stats: size_sent 61073 110842
stats: connected -4 101
# stats: dump at 1453913366
stats: users 125 125
stats: users_count 0 125
stats: finish_users_count 0 0
stats: request 397 144.2673143055337 98.63157386450703 6109.93798828125 18.775146484375 638.9390274528787 698
stats: page 397 144.2673143055337 98.63157386450703 6109.93798828125 18.775146484375 638.9390274528787 698
stats: connect 85 3.69665096507353 11.170507352659667 76.199951171875 0.5361328125 0.9435424804687501 204
stats: tr_loginURL 397 144.39373979160106 98.63073645893735 6110.10595703125 18.908935546875 639.0859675803632 698
stats: 200 397 1095
stats: size_rcv 92243 254344
stats: size_sent 62486 173328
stats: connected 3 104
# stats: dump at 1453913376
stats: users 125 125
stats: users_count 0 125
stats: finish_users_count 0 0
stats: request 378 128.25720085668817 116.10287216541437 6109.93798828125 18.775146484375 459.5922967501426 1095
stats: page 378 128.25720085668817 116.10287216541437 6109.93798828125 18.775146484375 459.5922967501426 1095
stats: connect 69 1.6824827332427537 3.0038596840445093 76.199951171875 0.5361328125 1.7532802700583914 289
stats: tr_loginURL 378 128.41572239790014 116.07448942370513 6110.10595703125 18.908935546875 459.73179914918643 1095
stats: 200 378 1473
stats: size_rcv 87876 342220
stats: size_sent 57933 231261
stats: connected -8 96
# stats: dump at 1453913386
stats: users 125 125
stats: users_count 0 125
stats: finish_users_count 0 0
stats: request 403 155.89233459018308 105.62521581923676 6109.93798828125 18.775146484375 374.5653678650607 1473
stats: page 403 155.89233459018308 105.62521581923676 6109.93798828125 18.775146484375 374.5653678650607 1473
stats: connect 76 1.103416041324013 1.5188874099790253 76.199951171875 0.5361328125 1.7396349347503495 358
stats: tr_loginURL 403 156.01221248352206 105.62642494328382 6110.10595703125 18.908935546875 374.70975094009873 1473
stats: 200 403 1876
stats: size_rcv 93597 435817
stats: size_sent 67510 298771
stats: connected 11 107
# stats: dump at 1453913396
stats: users 125 125
stats: users_count 0 125
stats: finish_users_count 0 0
stats: request 397 193.90415604829175 166.29516382511702 6109.93798828125 18.775146484375 327.5902972841568 1876
stats: page 397 193.90415604829175 166.29516382511702 6109.93798828125 18.775146484375 327.5902972841568 1876
stats: connect 69 0.8153695369112319 0.16330825948266336 76.199951171875 0.5361328125 1.628223331293203 434
stats: tr_loginURL 397 194.01812236795516 166.29156203119862 6110.10595703125 18.908935546875 327.72941618636713 1876
stats: 200 397 2273
stats: size_rcv 92250 528067
stats: size_sent 60131 358902
stats: connected -5 102
# stats: dump at 1453913406
stats: users 125 125
stats: users_count 0 125
stats: finish_users_count 0 0
stats: request 416 149.6643260075495 109.85821581387809 6109.93798828125 18.775146484375 304.2408040722613 2273
stats: page 416 149.6643260075495 109.85821581387809 6109.93798828125 18.775146484375 304.2408040722613 2273
stats: connect 76 1.078468724300987 1.522459027987962 76.199951171875 0.5361328125 1.5167185364376246 503
stats: tr_loginURL 416 149.77258066030657 109.85489436986423 6110.10595703125 18.908935546875 304.3755298485275 2273
stats: 200 416 2689
stats: size_rcv 96670 624737
stats: size_sent 63428 422330
stats: connected 1 103
# stats: dump at 1453913416
stats: users 125 125
stats: users_count 0 125
stats: finish_users_count 0 0
stats: request 382 152.2769449443718 131.95206726755504 6109.93798828125 18.775146484375 280.32715034413934 2689
stats: page 382 152.2769449443718 131.95206726755504 6109.93798828125 18.775146484375 280.32715034413934 2689
stats: connect 77 1.1358848670860389 1.6580466057773176 76.199951171875 0.5361328125 1.4591935179188258 579
stats: tr_loginURL 382 152.40517501431614 131.9507092839483 6110.10595703125 18.908935546875 280.45778092242114 2689
stats: 200 382 3071
stats: size_rcv 88778 713515
stats: size_sent 60288 482618
stats: connected 4 107
# stats: dump at 1453913426
stats: users 125 125
stats: users_count 0 125
stats: finish_users_count 0 0
stats: request 420 159.6869780040923 104.65675976597663 6109.93798828125 18.775146484375 264.399055761687 3071
stats: page 420 159.6869780040923 104.65675976597663 6109.93798828125 18.775146484375 264.399055761687 3071
stats: connect 67 0.8835121268656716 0.2830813171622296 76.199951171875 0.5361328125 1.4212441793302213 656
stats: tr_loginURL 420 159.81001615978425 104.65474567802397 6110.10595703125 18.908935546875 264.5293877420577 3071
stats: 200 420 3491
stats: size_rcv 97560 811075
stats: size_sent 66725 549343
stats: connected -2 105
# stats: dump at 1453913436
stats: users 125 125
stats: users_count 0 125
stats: finish_users_count 0 0
stats: request 411 140.61072222855842 101.07138980948837 6109.93798828125 18.775146484375 251.801211975325 3491
stats: page 411 140.61072222855842 101.07138980948837 6109.93798828125 18.775146484375 251.801211975325 3491
stats: connect 71 1.0102986080545775 0.6472209901247582 76.199951171875 0.5361328125 1.3714128549662865 723
stats: tr_loginURL 411 140.75625380170337 101.07459600656094 6110.10595703125 18.908935546875 251.93066644026598 3491
stats: 200 411 3902
stats: size_rcv 95511 906586
stats: size_sent 65940 615283
stats: connected -13 92
# stats: dump at 1453913446
stats: users 125 125
stats: users_count 0 125
stats: finish_users_count 0 0
stats: request 298 1255.202213159343 932.0963905576059 6109.93798828125 18.775146484375 240.08945101019916 3902
stats: page 298 1255.202213159343 932.0963905576059 6109.93798828125 18.775146484375 240.08945101019916 3902
stats: connect 75 1.1891731770833338 1.9034926940690478 76.199951171875 0.5361328125 1.339121782509446 794
stats: tr_loginURL 298 1255.3324703754188 932.0978519595575 6110.10595703125 18.908935546875 240.2205988865886 3902
stats: 200 298 4200
stats: size_rcv 68987 975573
stats: size_sent 48984 664267
stats: connected 21 113
# stats: dump at 1453913456
stats: users 125 125
stats: users_count 0 125
stats: finish_users_count 0 0
stats: request 326 841.0267588609565 779.9727028512469 6109.93798828125 18.775146484375 312.11411841982886 4200
stats: page 326 841.0267588609565 779.9727028512469 6109.93798828125 18.775146484375 312.11411841982886 4200
stats: connect 59 0.8923670881885594 0.16847423270627312 76.199951171875 0.5361328125 1.326180303329977 869
stats: tr_loginURL 326 841.1568513647909 779.9705583295348 6110.10595703125 18.908935546875 312.2452031017484 4200
stats: 200 326 4526
stats: size_rcv 75568 1051141
stats: size_sent 46629 710896
stats: connected -1 112
# stats: dump at 1453913457
stats: users 125 125
stats: users_count 0 125
stats: finish_users_count 0 0
stats: request 37 57.616474873310814 31.195066864214397 6109.93798828125 18.775146484375 350.21078673264543 4526
stats: page 37 57.616474873310814 31.195066864214397 6109.93798828125 18.775146484375 350.21078673264543 4526
stats: connect 5 0.7904296875 0.08104492128663845 76.199951171875 0.5361328125 1.2985995062466325 928
stats: tr_loginURL 37 57.748812288851354 31.194238637312143 6110.10595703125 18.908935546875 350.341799949683 4526
stats: 200 37 4563
stats: size_rcv 8615 1059756
stats: size_sent 5652 716548
stats: connected 5 117
stats: error_abort 1 1
EndMonitor:{1453,913457,34610}
