
=INFO REPORT==== 27-Jan-2016::22:23:02 ===
    ts_config_server:(5:<0.51.0>) Config server started, logdir is "/home/anand/Dropbox/Acad/Current/CS681/Assignment1/Part2/20160127-2223"
 
=INFO REPORT==== 27-Jan-2016::22:23:02 ===
              ts_mon:(5:<0.50.0>) starting monitor, global 

=INFO REPORT==== 27-Jan-2016::22:23:02 ===
           ts_config:(5:<0.51.0>) Reading config file: config.xml

=INFO REPORT==== 27-Jan-2016::22:23:03 ===
      ts_config_http:(4:<0.51.0>) Get user agent: 100 "Mozilla/5.0 (X11; Ubuntu; Linux i686; rv:28.0) Gecko/20100101 Firefox/28.0" 

=INFO REPORT==== 27-Jan-2016::22:23:03 ===
           ts_config:(5:<0.51.0>) Session name for id 1 is "login"

=INFO REPORT==== 27-Jan-2016::22:23:03 ===
    ts_config_server:(4:<0.51.0>) SYSINFO:Tsung version: 1.5.1

=INFO REPORT==== 27-Jan-2016::22:23:03 ===
    ts_config_server:(4:<0.51.0>) SYSINFO:Erlang version: Erlang/OTP 18 [erts-7.0] [source] [64-bit] [smp:4:4] [async-threads:16] [kernel-poll:true]


=INFO REPORT==== 27-Jan-2016::22:23:03 ===
    ts_config_server:(4:<0.51.0>) SYSINFO:System architecture x86_64-pc-linux-gnu

=INFO REPORT==== 27-Jan-2016::22:23:03 ===
    ts_config_server:(4:<0.51.0>) SYSINFO:Current path: /usr/lib/erlang/lib/tsung-1.5.1/ebin/tsung.beam

=INFO REPORT==== 27-Jan-2016::22:23:03 ===
           ts_os_mon:(5:<0.48.0>) os_mon disabled
=INFO REPORT==== 27-Jan-2016::22:23:03 ===
              ts_mon:(5:<0.52.0>) Activate clients with text backend

=INFO REPORT==== 27-Jan-2016::22:23:03 ===
              ts_mon:(5:<0.52.0>) Starting tsung clients on hosts: [localhost]

=INFO REPORT==== 27-Jan-2016::22:23:03 ===
    ts_config_server:(5:<0.51.0>) Start a launcher on the controller beam localhost

=INFO REPORT==== 27-Jan-2016::22:23:03 ===
  ts_launcher_static:(5:<0.83.0>) Launch msg receive ("localhost")

=INFO REPORT==== 27-Jan-2016::22:23:03 ===
         ts_launcher:(5:<0.84.0>) Launch msg receive ("localhost")

=INFO REPORT==== 27-Jan-2016::22:23:03 ===
    ts_config_server:(5:<0.51.0>) All remote beams started, syncing 

=INFO REPORT==== 27-Jan-2016::22:23:03 ===
    ts_config_server:(5:<0.51.0>) Undefined ports_range config 

=INFO REPORT==== 27-Jan-2016::22:23:03 ===
    ts_config_server:(5:<0.51.0>) Set max duration of test: 120 s 

=INFO REPORT==== 27-Jan-2016::22:23:03 ===
    ts_config_server:(5:<0.51.0>) New arrival phase 1 for client "localhost" (last ? true): will start 75 users

=INFO REPORT==== 27-Jan-2016::22:23:03 ===
         ts_launcher:(5:<0.84.0>) Expected duration of first phase: 120.0 sec (75 users) 

=INFO REPORT==== 27-Jan-2016::22:23:03 ===
         ts_launcher:(2:<0.84.0>) WARNING !!! too few file descriptors available (1024), you should decrease maxusers (currently 10000)
=INFO REPORT==== 27-Jan-2016::22:23:03 ===
         ts_launcher:(5:<0.84.0>) Activate launcher (75 users) in 1002 msec 

=INFO REPORT==== 27-Jan-2016::22:23:05 ===
         ts_launcher:(5:<0.84.0>) This was the last phase, wait for connected users to finish their session

=INFO REPORT==== 27-Jan-2016::22:25:04 ===
    ts_config_server:(0:<0.51.0>) Tsung test max duration reached, exits ! 

=INFO REPORT==== 27-Jan-2016::22:25:04 ===
              ts_mon:(0:<0.52.0>) Aborting by request !
