# stats: dump at 1453913593
stats: users 75 75
stats: users_count 75 75
stats: finish_users_count 0 0
stats: connect 78 14.039472531049679 32.43683684888744 108.927001953125 0.534912109375 0 0
stats: tr_loginURL 164 2151.351191823076 2600.9993855835633 6302.841064453125 19.201904296875 0 0
stats: request 164 2150.43108981993 2601.25756055809 6302.72412109375 19.05615234375 0 0
stats: 200 164 164
stats: page 164 2150.43108981993 2601.25756055809 6302.72412109375 19.05615234375 0 0
stats: size_rcv 38097 38097
stats: size_sent 26219 26219
stats: connected 72 72
# stats: dump at 1453913603
stats: users 75 75
stats: users_count 0 75
stats: finish_users_count 0 0
stats: request 224 50.37110246930803 37.90463786549494 6302.72412109375 18.98388671875 2150.43108981993 164
stats: page 224 50.37110246930803 37.90463786549494 6302.72412109375 18.98388671875 2150.43108981993 164
stats: connect 29 0.8411738954741379 0.10978545769057586 108.927001953125 0.534912109375 14.039472531049679 78
stats: 200 224 388
stats: tr_loginURL 224 50.51711164202009 37.91044848091505 6302.841064453125 19.095947265625 2151.351191823076 164
stats: size_rcv 52148 90245
stats: size_sent 34854 61073
stats: connected -14 58
# stats: dump at 1453913613
stats: users 75 75
stats: users_count 0 75
stats: finish_users_count 0 0
stats: tr_loginURL 252 139.6715271964906 166.5799800438462 6302.841064453125 19.01904296875 938.4985269762809 388
stats: request 252 139.53378538101438 166.58053311239522 6302.72412109375 18.89501953125 938.0253239267875 388
stats: page 252 139.53378538101438 166.58053311239522 6302.72412109375 18.89501953125 938.0253239267875 388
stats: connect 44 1.0845836292613635 1.6880810492288278 108.927001953125 0.534912109375 10.46236355505257 107
stats: 200 252 640
stats: size_rcv 58591 148836
stats: size_sent 41134 102207
stats: connected 6 64
# stats: dump at 1453913623
stats: users 75 75
stats: users_count 0 75
stats: finish_users_count 0 0
stats: page 238 62.52173261882873 60.31665927575186 6302.72412109375 18.836181640625 623.6192806243893 640
stats: request 238 62.52173261882873 60.31665927575186 6302.72412109375 18.836181640625 623.6192806243893 640
stats: connect 45 1.1444390190972225 1.9351824865401803 108.927001953125 0.534912109375 7.729765430980961 151
stats: 200 238 878
stats: tr_loginURL 238 62.65487850413598 60.313116175507865 6302.841064453125 18.994873046875 623.9603958129885 640
stats: size_rcv 55391 204227
stats: size_sent 36110 138317
stats: connected -7 57
# stats: dump at 1453913633
stats: users 75 75
stats: users_count 0 75
stats: finish_users_count 0 0
stats: request 241 51.39712663705913 34.866020909003325 6302.72412109375 18.836181640625 471.52222319235807 878
stats: page 241 51.39712663705913 34.866020909003325 6302.72412109375 18.836181640625 471.52222319235807 878
stats: connect 41 5.425418016387196 14.67142516620247 108.927001953125 0.534912109375 6.217828244579081 196
stats: tr_loginURL 241 51.5364215265171 34.8628597385577 6302.841064453125 18.994873046875 471.8069640140057 878
stats: 200 241 1119
stats: size_rcv 56115 260342
stats: size_sent 37837 176154
stats: connected 0 57
# stats: dump at 1453913643
stats: users 75 75
stats: users_count 0 75
stats: finish_users_count 0 0
stats: request 245 58.275477319834195 53.902881962974185 6302.72412109375 18.836181640625 381.03951696373696 1119
stats: page 245 58.275477319834195 53.902881962974185 6302.72412109375 18.836181640625 381.03951696373696 1119
stats: connect 50 0.8854345703125 0.139214154905101 108.927001953125 0.534912109375 6.080744618604958 237
stats: tr_loginURL 245 58.40962412308675 53.898316564372884 6302.841064453125 18.994873046875 381.2929329688897 1119
stats: 200 245 1364
stats: size_rcv 57036 317378
stats: size_sent 38151 214305
stats: connected 1 58
# stats: dump at 1453913653
stats: users 75 75
stats: users_count 0 75
stats: finish_users_count 0 0
stats: request 257 59.272292793956694 44.92255668866897 6302.72412109375 18.834228515625 323.0650377021855 1364
stats: page 257 59.272292793956694 44.92255668866897 6302.72412109375 18.834228515625 323.0650377021855 1364
stats: connect 42 1.0996558779761902 1.300132786469882 108.927001953125 0.534912109375 5.175638338414634 287
stats: tr_loginURL 257 59.40429212518238 44.92090565956024 6302.841064453125 18.9599609375 323.29703072019345 1364
stats: 200 257 1621
stats: size_rcv 59814 377192
stats: size_sent 40192 254497
stats: connected 5 63
# stats: dump at 1453913663
stats: users 75 75
stats: users_count 0 75
stats: finish_users_count 0 0
stats: request 236 51.3606867386123 35.91352379484597 6302.72412109375 18.834228515625 281.24225211217026 1621
stats: page 236 51.3606867386123 35.91352379484597 6302.72412109375 18.834228515625 281.24225211217026 1621
stats: connect 53 1.254482053360849 2.51431824641545 108.927001953125 0.534912109375 4.655300151975684 329
stats: tr_loginURL 236 51.50582937466896 35.91157023056605 6302.841064453125 18.9599609375 281.45839172024415 1621
stats: 200 236 1857
stats: size_rcv 54947 432139
stats: size_sent 37052 291549
stats: connected 3 66
# stats: dump at 1453913673
stats: users 75 75
stats: users_count 0 75
stats: finish_users_count 0 0
stats: request 238 74.73988355107666 84.48355028346401 6302.72412109375 18.834228515625 252.02736281321515 1857
stats: page 238 74.73988355107666 84.48355028346401 6302.72412109375 18.834228515625 252.02736281321515 1857
stats: connect 45 0.8217936197916667 0.09265979825095283 108.927001953125 0.534912109375 4.183458897455824 382
stats: tr_loginURL 238 74.88630637802 84.47905877334173 6302.841064453125 18.9599609375 252.234479650478 1857
stats: 200 238 2095
stats: size_rcv 55389 487528
stats: size_sent 37366 328915
stats: connected -4 62
# stats: dump at 1453913683
stats: users 75 75
stats: users_count 0 75
stats: finish_users_count 0 0
stats: request 256 186.27762508392334 220.50171280235145 6302.72412109375 18.834228515625 231.88682817627532 2095
stats: page 256 186.27762508392334 220.50171280235145 6302.72412109375 18.834228515625 231.88682817627532 2095
stats: connect 38 1.0586836965460527 0.9253253452464232 108.927001953125 0.534912109375 3.829185039153981 427
stats: tr_loginURL 256 186.40697383880618 220.49765030222952 6302.841064453125 18.9599609375 232.08704994219875 2095
stats: 200 256 2351
stats: size_rcv 59513 547041
stats: size_sent 41134 370049
stats: connected 0 62
# stats: dump at 1453913693
stats: users 75 75
stats: users_count 0 75
stats: finish_users_count 0 0
stats: request 204 76.5561044730392 89.63110354505149 6302.72412109375 18.834228515625 226.92044961751643 2351
stats: page 204 76.5561044730392 89.63110354505149 6302.72412109375 18.834228515625 226.92044961751643 2351
stats: connect 40 0.96099853515625 0.6725035228202685 108.927001953125 0.534912109375 3.60277847782258 465
stats: tr_loginURL 204 76.69140026616114 89.62351277015682 6302.841064453125 18.9599609375 227.11295403302455 2351
stats: 200 204 2555
stats: size_rcv 47488 594529
stats: size_sent 31557 401606
stats: connected -11 51
# stats: dump at 1453913703
stats: users 75 75
stats: users_count 0 75
stats: finish_users_count 0 0
stats: request 259 66.55967023105697 79.45001006033816 6302.72412109375 18.834228515625 214.9148424122431 2555
stats: page 259 66.55967023105697 79.45001006033816 6302.72412109375 18.834228515625 214.9148424122431 2555
stats: connect 53 1.2042950324292447 1.110701250861241 108.927001953125 0.534912109375 3.393528581373762 505
stats: tr_loginURL 259 66.70227663489376 79.45433175754815 6302.841064453125 18.9599609375 215.10277909430044 2555
stats: 200 259 2814
stats: size_rcv 60278 654807
stats: size_sent 40192 441798
stats: connected 9 60
# stats: dump at 1453913704
stats: users 75 75
stats: users_count 0 75
stats: finish_users_count 0 0
stats: request 21 75.34291294642857 61.572986115741976 6302.72412109375 18.834228515625 201.26026188810408 2814
stats: page 21 75.34291294642857 61.572986115741976 6302.72412109375 18.834228515625 201.26026188810408 2814
stats: connect 6 1.2438151041666667 0.8316799809301751 108.927001953125 0.534912109375 3.185590627800179 558
stats: tr_loginURL 21 75.45856584821429 61.56079152945892 6302.841064453125 18.9599609375 201.44402638037496 2814
stats: 200 21 2835
stats: size_rcv 4887 659694
stats: size_sent 3297 445095
stats: connected 1 61
stats: error_abort 1 1
EndMonitor:{1453,913704,306649}
