# stats: dump at 1453912860
stats: users 200 200
stats: users_count 200 200
stats: finish_users_count 0 0
stats: page 270 2038.8301748770255 2602.590331739807 7426.994873046875 19.13818359375 0 0
stats: request 270 2038.8301748770255 2602.590331739807 7426.994873046875 19.13818359375 0 0
stats: tr_loginURL 270 2039.0749620225695 2602.5563354847245 7427.08203125 19.26611328125 0 0
stats: connect 203 405.2721434344212 1511.978025528433 7013.583984375 0.51806640625 0 0
stats: 200 270 270
stats: size_rcv 62609 62609
stats: size_sent 57933 57933
stats: connected 189 189
# stats: dump at 1453912870
stats: users 200 200
stats: users_count 0 200
stats: finish_users_count 0 0
stats: request 440 2982.352250532671 3453.279992293241 13037.556884765625 19.13818359375 2038.8301748770255 270
stats: tr_loginURL 440 2982.485799338601 3453.2801345201547 13037.657958984375 19.26611328125 2039.0749620225695 270
stats: page 440 2982.352250532671 3453.279992293241 13037.556884765625 19.13818359375 2038.8301748770255 270
stats: connect 58 1.320177801724138 2.5004163231697594 7013.583984375 0.51806640625 405.2721434344212 203
stats: 200 440 710
stats: size_rcv 101712 164321
stats: size_sent 64213 122146
stats: connected -7 182
# stats: dump at 1453912880
stats: users 200 200
stats: users_count 0 200
stats: finish_users_count 0 0
stats: request 447 1456.1664744127506 321.4680324547583 13037.556884765625 19.13818359375 2623.548080917144 710
stats: page 447 1456.1664744127506 321.4680324547583 13037.556884765625 19.13818359375 2623.548080917144 710
stats: connect 80 0.8068267822265623 0.3166068588928109 7013.583984375 0.51806640625 315.5050399604885 261
stats: tr_loginURL 447 1456.300202303552 321.47130451404 13037.657958984375 19.26611328125 2623.7239316268706 710
stats: 200 447 1157
stats: size_rcv 103310 267631
stats: size_sent 68452 190598
stats: connected -15 167
# stats: dump at 1453912890
stats: users 200 200
stats: users_count 0 200
stats: finish_users_count 0 0
stats: request 473 1388.5233734969613 288.6138722794121 13037.556884765625 19.13818359375 2172.5372096055935 1157
stats: page 473 1388.5233734969613 288.6138722794121 13037.556884765625 19.13818359375 2172.5372096055935 1157
stats: connect 83 0.8605015766189759 0.4547469108084585 7013.583984375 0.51806640625 241.67554713274376 341
stats: tr_loginURL 473 1388.652457303779 288.61510729852563 13037.657958984375 19.26611328125 2172.6967864172566 1157
stats: 200 473 1630
stats: size_rcv 109321 376952
stats: size_sent 71121 261719
stats: connected -1 166
# stats: dump at 1453912900
stats: users 200 200
stats: users_count 0 200
stats: finish_users_count 0 0
stats: request 375 1897.6787871093752 804.3362746286856 13037.556884765625 19.13818359375 1945.0289001090396 1630
stats: page 375 1897.6787871093752 804.3362746286856 13037.556884765625 19.13818359375 1945.0289001090396 1630
stats: connect 86 0.8936710801235465 0.9485506582708495 7013.583984375 0.51806640625 194.53486604510613 424
stats: tr_loginURL 375 1897.816982421875 804.3350601116929 13037.657958984375 19.26611328125 1945.1796283370882 1630
stats: 200 375 2005
stats: size_rcv 86656 463608
stats: size_sent 66568 328287
stats: connected 19 185
# stats: dump at 1453912910
stats: users 200 200
stats: users_count 0 200
stats: finish_users_count 0 0
stats: request 518 1130.3461207091568 292.0338992089389 13037.556884765625 19.13818359375 1936.1728939370323 2005
stats: page 518 1130.3461207091568 292.0338992089389 13037.556884765625 19.13818359375 1936.1728939370323 2005
stats: connect 75 0.8346419270833334 0.3757659337409101 7013.583984375 0.51806640625 161.88164493336396 510
stats: tr_loginURL 518 1130.4906373484246 292.0405557277024 13037.657958984375 19.26611328125 1936.3212781035695 2005
stats: 200 518 2523
stats: size_rcv 119898 583506
stats: size_sent 75674 403961
stats: connected -20 165
# stats: dump at 1453912920
stats: users 200 200
stats: users_count 0 200
stats: finish_users_count 0 0
stats: request 478 1131.7428494377616 260.9979362311517 13037.556884765625 19.13818359375 1770.727682469716 2523
stats: page 478 1131.7428494377616 260.9979362311517 13037.556884765625 19.13818359375 1770.727682469716 2523
stats: connect 96 0.9182891845703128 0.8688145010034819 7013.583984375 0.51806640625 141.2345932658921 585
stats: tr_loginURL 478 1131.8701463005063 260.99699832164026 13037.657958984375 19.26611328125 1770.8752725898298 2523
stats: 200 478 3001
stats: size_rcv 110611 694117
stats: size_sent 77087 481048
stats: connected 2 167
# stats: dump at 1453912930
stats: users 200 200
stats: users_count 0 200
stats: finish_users_count 0 0
stats: request 476 1187.8916066915042 251.34774631575712 13037.556884765625 19.13818359375 1668.9500249591283 3001
stats: page 476 1187.8916066915042 251.34774631575712 13037.556884765625 19.13818359375 1668.9500249591283 3001
stats: connect 92 2.562197477921195 5.550986810133261 7013.583984375 0.51806640625 121.45432132491281 681
stats: tr_loginURL 476 1188.0094563460145 251.3490200980892 13037.657958984375 19.26611328125 1669.0943827643396 3001
stats: 200 476 3477
stats: size_rcv 110127 804244
stats: size_sent 75360 556408
stats: connected 5 172
# stats: dump at 1453912940
stats: users 200 200
stats: users_count 0 200
stats: finish_users_count 0 0
stats: request 404 2361.578763149755 1222.586245319295 13037.556884765625 19.13818359375 1603.0933073590738 3477
stats: page 404 2361.578763149755 1222.586245319295 13037.556884765625 19.13818359375 1603.0933073590738 3477
stats: connect 78 0.7801106770833334 0.10674782338648617 7013.583984375 0.51806640625 107.30415910767707 773
stats: tr_loginURL 404 2361.7262633673045 1222.5740776363657 13037.657958984375 19.26611328125 1603.2340362083653 3477
stats: 200 404 3881
stats: size_rcv 93328 897572
stats: size_sent 58718 615126
stats: connected 11 183
# stats: dump at 1453912950
stats: users 200 200
stats: users_count 0 200
stats: finish_users_count 0 0
stats: request 463 1479.7035800612518 338.65135182672066 13037.556884765625 19.13818359375 1682.04927853646 3881
stats: page 463 1479.7035800612518 338.65135182672066 13037.556884765625 19.13818359375 1682.04927853646 3881
stats: connect 91 6.094176575377747 17.918235687007346 7013.583984375 0.51806640625 97.54049779441466 851
stats: tr_loginURL 463 1479.8373928523217 338.63912934284997 13037.657958984375 19.26611328125 1682.1907122640755 3881
stats: 200 463 4344
stats: size_rcv 106973 1004545
stats: size_sent 76616 691742
stats: connected 0 183
# stats: dump at 1453912960
stats: users 200 200
stats: users_count 0 200
stats: finish_users_count 0 0
stats: request 498 1241.4685691006212 228.75234002601252 13037.556884765625 19.13818359375 1660.4825063463077 4344
stats: page 498 1241.4685691006212 228.75234002601252 13037.556884765625 19.13818359375 1660.4825063463077 4344
stats: connect 74 0.8266898490287161 0.09780090302070625 7013.583984375 0.51806640625 88.70651134968816 942
stats: tr_loginURL 498 1241.5914757663477 228.75109004402768 13037.657958984375 19.26611328125 1660.6231278055943 4344
stats: 200 498 4842
stats: size_rcv 115166 1119711
stats: size_sent 74889 766631
stats: connected -9 174
# stats: dump at 1453912970
stats: users 200 200
stats: users_count 0 200
stats: finish_users_count 0 0
stats: request 487 1260.7445466905165 378.4190439110461 13037.556884765625 19.13818359375 1617.3868969393784 4842
stats: page 487 1260.7445466905165 378.4190439110461 13037.556884765625 19.13818359375 1617.3868969393784 4842
stats: connect 88 1.2763061523437498 2.151827816050054 7013.583984375 0.51806640625 82.30581568920707 1016
stats: tr_loginURL 487 1260.8700053941557 378.4196009805056 13037.657958984375 19.26611328125 1617.5256964310497 4842
stats: 200 487 5329
stats: size_rcv 112621 1232332
stats: size_sent 77244 843875
stats: connected 10 184
# stats: dump at 1453912971
stats: users 200 200
stats: users_count 0 200
stats: finish_users_count 0 0
stats: request 39 1095.5767540564907 186.82325250406228 13037.556884765625 19.13818359375 1584.7945110187186 5329
stats: page 39 1095.5767540564907 186.82325250406228 13037.556884765625 19.13818359375 1584.7945110187186 5329
stats: connect 2 0.653076171875 0.10107421875 7013.583984375 0.51806640625 75.84694174061651 1104
stats: 200 39 5368
stats: tr_loginURL 39 1095.7015224358975 186.85404618549273 13037.657958984375 19.26611328125 1584.932091339106 5329
stats: size_rcv 9034 1241366
stats: size_sent 7693 851568
stats: connected -11 173
stats: error_abort 1 1
EndMonitor:{1453,912971,98055}
