# stats: dump at 1453912657
stats: users 150 150
stats: users_count 150 150
stats: finish_users_count 0 0
stats: request 250 1852.215017578125 2402.331713082925 7067.658935546875 19.059814453125 0 0
stats: page 250 1852.215017578125 2402.331713082925 7067.658935546875 19.059814453125 0 0
stats: connect 155 0.9094427293346774 0.5513073076362291 4.7490234375 0.495849609375 0 0
stats: tr_loginURL 250 1852.4251611328125 2402.291878323906 7067.76513671875 19.193115234375 0 0
stats: 200 250 250
stats: size_rcv 58035 58035
stats: size_sent 50083 50083
stats: connected 141 141
# stats: dump at 1453912667
stats: users 150 150
stats: users_count 0 150
stats: finish_users_count 0 0
stats: request 497 937.0172200193347 2106.071541768861 9214.468994140625 19.059814453125 1852.215017578125 250
stats: page 497 937.0172200193347 2106.071541768861 9214.468994140625 19.059814453125 1852.215017578125 250
stats: connect 62 0.8574888167842742 0.08779697878529677 4.7490234375 0.495849609375 0.9094427293346774 155
stats: tr_loginURL 497 937.1384886467239 2106.0714521888367 9214.587890625 19.193115234375 1852.4251611328125 250
stats: 200 497 747
stats: size_rcv 115294 173329
stats: size_sent 67196 117279
stats: connected -12 129
# stats: dump at 1453912677
stats: users 150 150
stats: users_count 0 150
stats: finish_users_count 0 0
stats: request 426 339.85601777985676 214.41844320133387 9214.468994140625 18.949951171875 1243.3083169265603 747
stats: page 426 339.85601777985676 214.41844320133387 9214.468994140625 18.949951171875 1243.3083169265603 747
stats: connect 100 11.664677734375003 17.496484284160623 49.320068359375 0.495849609375 0.8945987543202765 217
stats: tr_loginURL 426 339.98695452336415 214.4171724925882 9214.587890625 19.06005859375 1243.459329505522 747
stats: 200 426 1173
stats: size_rcv 98901 272230
stats: size_sent 71592 188871
stats: connected 2 131
# stats: dump at 1453912687
stats: users 150 150
stats: users_count 0 150
stats: finish_users_count 0 0
stats: request 477 363.19808096255895 175.2684547517232 9214.468994140625 18.949951171875 915.2003208170158 1173
stats: page 477 363.19808096255895 175.2684547517232 9214.468994140625 18.949951171875 915.2003208170158 1173
stats: connect 81 0.9339946228780864 0.4265662033931229 49.320068359375 0.495849609375 4.292100009858045 317
stats: tr_loginURL 477 363.32711772798757 175.2714971774435 9214.587890625 19.06005859375 915.3440424276029 1173
stats: 200 477 1650
stats: size_rcv 110668 382898
stats: size_sent 73005 261876
stats: connected -4 127
# stats: dump at 1453912697
stats: users 150 150
stats: users_count 0 150
stats: finish_users_count 0 0
stats: request 466 336.4403102367221 216.99803361779232 9214.468994140625 18.949951171875 755.6214914772729 1650
stats: page 466 336.4403102367221 216.99803361779232 9214.468994140625 18.949951171875 755.6214914772729 1650
stats: connect 68 0.8928797104779411 0.14786371471277726 49.320068359375 0.495849609375 3.608666501452576 398
stats: tr_loginURL 466 336.57768544209335 217.00370049453187 9214.587890625 19.06005859375 755.7609678326231 1650
stats: 200 466 2116
stats: size_rcv 108178 491076
stats: size_sent 70650 332526
stats: connected -11 116
# stats: dump at 1453912707
stats: users 150 150
stats: users_count 0 150
stats: finish_users_count 0 0
stats: request 449 315.98315919056233 196.68664784123342 9214.468994140625 18.949951171875 663.3065432456582 2116
stats: page 449 315.98315919056233 196.68664784123342 9214.468994140625 18.949951171875 663.3065432456582 2116
stats: connect 83 0.8578778002635541 0.1299019956127914 49.320068359375 0.495849609375 3.212371433241685 466
stats: tr_loginURL 449 316.11369503845356 196.67493666817901 9214.587890625 19.06005859375 663.4455568713818 2116
stats: 200 449 2565
stats: size_rcv 104195 595271
stats: size_sent 72220 404746
stats: connected -1 115
# stats: dump at 1453912717
stats: users 150 150
stats: users_count 0 150
stats: finish_users_count 0 0
stats: request 360 1089.7712232801655 940.7636608978052 9214.468994140625 18.949951171875 602.5080249451755 2565
stats: page 360 1089.7712232801655 940.7636608978052 9214.468994140625 18.949951171875 602.5080249451755 2565
stats: connect 75 5.630055338541666 13.58404086326474 54.5810546875 0.495849609375 2.8564097364526417 549
stats: tr_loginURL 360 1089.9129041883677 940.7672097783889 9214.587890625 19.06005859375 602.6455545466314 2565
stats: 200 360 2925
stats: size_rcv 83381 678652
stats: size_sent 58090 462836
stats: connected 18 133
# stats: dump at 1453912727
stats: users 150 150
stats: users_count 0 150
stats: finish_users_count 0 0
stats: request 455 315.8026512062154 154.68363064423608 9214.468994140625 18.885009765625 662.4788801248666 2925
stats: page 455 315.8026512062154 154.68363064423608 9214.468994140625 18.885009765625 662.4788801248666 2925
stats: connect 77 19.86550071022727 23.30985499828868 54.5810546875 0.495849609375 3.1897806020883417 624
stats: tr_loginURL 455 315.93831773695064 154.6865604381736 9214.587890625 19.009033203125 662.6169206563835 2925
stats: 200 455 3380
stats: size_rcv 105593 784245
stats: size_sent 67824 530660
stats: connected -9 124
# stats: dump at 1453912737
stats: users 150 150
stats: users_count 0 150
stats: finish_users_count 0 0
stats: request 447 236.7203421027335 122.11691180838416 9214.468994140625 18.885009765625 615.8109262319713 3380
stats: page 447 236.7203421027335 122.11691180838416 9214.468994140625 18.885009765625 615.8109262319713 3380
stats: connect 103 0.9075560338288835 0.15450828186730436 54.5810546875 0.495849609375 5.02149308186965 701
stats: tr_loginURL 447 236.8478179180649 122.12127272133375 9214.587890625 19.009033203125 615.9486471864599 3380
stats: 200 447 3827
stats: size_rcv 103743 887988
stats: size_sent 71278 601938
stats: connected 7 131
# stats: dump at 1453912747
stats: users 150 150
stats: users_count 0 150
stats: finish_users_count 0 0
stats: request 455 281.73317093063184 182.48018896708854 9214.468994140625 18.885009765625 571.5325120418042 3827
stats: page 455 281.73317093063184 182.48018896708854 9214.468994140625 18.885009765625 571.5325120418042 3827
stats: connect 82 0.9523836461509146 0.5346163095963011 54.5810546875 0.495849609375 4.494458858053482 804
stats: tr_loginURL 455 281.86765914749344 182.4783278175944 9214.587890625 19.009033203125 571.6690363469061 3827
stats: 200 455 4282
stats: size_rcv 105614 993602
stats: size_sent 71749 673687
stats: connected -9 122
# stats: dump at 1453912757
stats: users 150 150
stats: users_count 0 150
stats: finish_users_count 0 0
stats: request 394 646.7083213535061 537.9825244596051 9214.468994140625 18.885009765625 540.7387941049561 4282
stats: page 394 646.7083213535061 537.9825244596051 9214.468994140625 18.885009765625 540.7387941049561 4282
stats: connect 79 1.2915409909018989 2.167614777086161 54.5810546875 0.495849609375 4.166636998712613 886
stats: tr_loginURL 394 646.8409838991112 537.9773102634315 9214.587890625 19.009033203125 540.8751020578512 4282
stats: 200 394 4676
stats: size_rcv 91357 1084959
stats: size_sent 66725 740412
stats: connected -2 120
# stats: dump at 1453912767
stats: users 150 150
stats: users_count 0 150
stats: finish_users_count 0 0
stats: request 452 328.1257010940956 265.67355379210017 9214.468994140625 18.759033203125 549.6677919099023 4676
stats: page 452 328.1257010940956 265.67355379210017 9214.468994140625 18.759033203125 549.6677919099023 4676
stats: connect 73 0.9489110659246576 0.2844567778873413 54.5810546875 0.495849609375 3.9312664447053107 965
stats: tr_loginURL 452 328.26523718369765 265.6674556256982 9214.587890625 18.8701171875 549.8037927005921 4676
stats: 200 452 5128
stats: size_rcv 104922 1189881
stats: size_sent 72220 812632
stats: connected 6 126
# stats: dump at 1453912768
stats: users 150 150
stats: users_count 0 150
stats: finish_users_count 0 0
stats: request 64 858.6999473571777 85.6411310886078 9214.468994140625 18.759033203125 530.1402909253578 5128
stats: page 64 858.6999473571777 85.6411310886078 9214.468994140625 18.759033203125 530.1402909253578 5128
stats: connect 11 0.7871981534090909 0.08016437175889048 54.5810546875 0.495849609375 3.7215246887795037 1038
stats: tr_loginURL 64 858.8232727050781 85.63499150561783 9214.587890625 18.8701171875 530.2766033297582 5128
stats: 200 64 5192
stats: size_rcv 14839 1204720
stats: size_sent 6751 819383
stats: connected 5 131
stats: error_abort 1 1
EndMonitor:{1453,912768,978473}
