# stats: dump at 1453913134
stats: users 175 175
stats: users_count 175 175
stats: finish_users_count 0 0
stats: page 383 1638.1889673935223 1329.9067906871635 5664.47412109375 18.7568359375 0 0
stats: request 383 1638.1889673935223 1329.9067906871635 5664.47412109375 18.7568359375 0 0
stats: connect 175 1.4722642299107136 2.294968294627112 11.034912109375 0.449951171875 0 0
stats: tr_loginURL 383 1638.367138416898 1329.971296399986 5664.56591796875 18.877197265625 0 0
stats: 200 383 383
stats: size_rcv 88658 88658
stats: size_sent 65155 65155
stats: connected 146 146
# stats: dump at 1453913144
stats: users 175 175
stats: users_count 0 175
stats: finish_users_count 0 0
stats: request 466 446.83382720292354 236.69862420837194 5664.47412109375 7.363037109375 1638.1889673935223 383
stats: page 466 446.83382720292354 236.69862420837194 5664.47412109375 7.363037109375 1638.1889673935223 383
stats: connect 92 1.443184230638587 3.879984332544128 37.25 0.449951171875 1.4722642299107136 175
stats: tr_loginURL 466 446.9663096415639 236.69669723738969 5664.56591796875 7.505859375 1638.367138416898 383
stats: 200 465 848
stats: size_rcv 107845 196503
stats: size_sent 72691 137846
stats: connected -9 137
# stats: dump at 1453913154
stats: users 175 175
stats: users_count 0 175
stats: finish_users_count 0 0
stats: request 467 561.206595247256 258.31609147088034 5664.47412109375 7.363037109375 984.2767231899662 849
stats: page 467 561.206595247256 258.31609147088034 5664.47412109375 7.363037109375 984.2767231899662 849
stats: connect 106 1.1584610849056605 2.076666406226674 37.25 0.449951171875 1.4622441552551493 267
stats: 200 467 1315
stats: tr_loginURL 467 561.3522478712191 258.32031110690156 5664.56591796875 7.505859375 984.4298166155955 849
stats: size_rcv 108293 304796
stats: size_sent 76616 214462
stats: connected 9 146
# stats: dump at 1453913164
stats: users 175 175
stats: users_count 0 175
stats: finish_users_count 0 0
stats: request 502 655.5726790105202 295.0902082630742 5664.47412109375 7.363037109375 834.1446945051292 1316
stats: tr_loginURL 502 655.7061889162102 295.093912232746 5664.56591796875 7.505859375 834.2951474639058 1316
stats: page 502 655.5726790105202 295.0902082630742 5664.47412109375 7.363037109375 834.1446945051292 1316
stats: connect 88 0.9739379882812501 0.7572149928329408 37.25 0.449951171875 1.3759143819118629 373
stats: 200 502 1817
stats: size_rcv 116374 421170
stats: size_sent 73947 288409
stats: connected 3 149
# stats: dump at 1453913174
stats: users 175 175
stats: users_count 0 175
stats: finish_users_count 0 0
stats: request 489 780.8063006254793 326.5217756700386 5664.47412109375 7.363037109375 784.8360301606333 1818
stats: page 489 780.8063006254793 326.5217756700386 5664.47412109375 7.363037109375 784.8360301606333 1818
stats: connect 90 1.5560655381944448 2.8226993977620456 37.25 0.449951171875 1.2991813610018978 461
stats: 200 489 2306
stats: tr_loginURL 489 780.9534824737983 326.5245796195019 5664.56591796875 7.505859375 784.981804674608 1818
stats: size_rcv 113335 534505
stats: size_sent 76145 364554
stats: connected 3 152
# stats: dump at 1453913184
stats: users 175 175
stats: users_count 0 175
stats: finish_users_count 0 0
stats: request 461 434.5054600647368 226.5323046274625 5664.47412109375 7.363037109375 783.9818742253535 2307
stats: page 461 434.5054600647368 226.5323046274625 5664.47412109375 7.363037109375 783.9818742253535 2307
stats: connect 88 1.3958213112571018 2.040742646969615 37.25 0.449951171875 1.341140663991606 551
stats: 200 461 2767
stats: tr_loginURL 461 434.63266845173536 226.52882996695087 5664.56591796875 7.505859375 784.1279470429671 2307
stats: size_rcv 106925 641430
stats: size_sent 73476 438030
stats: connected -8 144
# stats: dump at 1453913194
stats: users 175 175
stats: users_count 0 175
stats: finish_users_count 0 0
stats: request 483 452.9954871894409 217.2223496532177 5664.47412109375 7.363037109375 725.7778905085745 2768
stats: page 483 452.9954871894409 217.2223496532177 5664.47412109375 7.363037109375 725.7778905085745 2768
stats: connect 97 1.0123957997744844 1.5018069174000257 37.25 0.449951171875 1.3486710191705789 639
stats: tr_loginURL 483 453.13709936675076 217.2229041463326 5664.56591796875 7.505859375 725.920821526147 2768
stats: 200 483 3250
stats: size_rcv 112032 753462
stats: size_sent 76459 514489
stats: connected -3 141
# stats: dump at 1453913204
stats: users 175 175
stats: users_count 0 175
stats: finish_users_count 0 0
stats: request 469 856.2426731784715 237.66856245960795 5664.47412109375 7.363037109375 685.2506986281863 3251
stats: page 469 856.2426731784715 237.66856245960795 5664.47412109375 7.363037109375 685.2506986281863 3251
stats: connect 91 1.6485421316964286 2.9482825506290116 37.25 0.449951171875 1.3043521383534304 736
stats: 200 469 3719
stats: tr_loginURL 469 856.3729281882996 237.66242118355896 5664.56591796875 7.505859375 685.3934337060953 3251
stats: size_rcv 108709 862171
stats: size_sent 77244 591733
stats: connected 11 152
# stats: dump at 1453913214
stats: users 175 175
stats: users_count 0 175
stats: finish_users_count 0 0
stats: request 500 916.7340600585937 204.25216680944615 5664.47412109375 7.363037109375 706.8085577851981 3720
stats: page 500 916.7340600585937 204.25216680944615 5664.47412109375 7.363037109375 706.8085577851981 3720
stats: connect 76 1.022778962787829 1.0160945455733608 37.25 0.449951171875 1.3422255233524785 827
stats: tr_loginURL 500 916.8757543945312 204.25644967709576 5664.56591796875 7.505859375 706.9497194351688 3720
stats: 200 500 4219
stats: size_rcv 115856 978027
stats: size_sent 76302 668035
stats: connected 2 154
# stats: dump at 1453913224
stats: users 175 175
stats: users_count 0 175
stats: finish_users_count 0 0
stats: request 498 459.861632565418 273.30610986821097 5664.47412109375 7.363037109375 731.6812476280176 4220
stats: page 498 459.861632565418 273.30610986821097 5664.47412109375 7.363037109375 731.6812476280176 4220
stats: connect 85 1.4171932444852942 2.4522334271788195 37.25 0.449951171875 1.315339655575166 903
stats: tr_loginURL 498 459.98299349742734 273.3019747616705 5664.56591796875 7.505859375 731.8224723924393 4220
stats: 200 498 4717
stats: size_rcv 115523 1093550
stats: size_sent 74732 742767
stats: connected -11 143
# stats: dump at 1453913234
stats: users 175 175
stats: users_count 0 175
stats: finish_users_count 0 0
stats: request 492 857.9791994172385 319.88062583265486 5664.47412109375 7.363037109375 702.98981729712 4718
stats: page 492 857.9791994172385 319.88062583265486 5664.47412109375 7.363037109375 702.98981729712 4718
stats: connect 77 1.6921894023944808 3.4257344253910045 37.25 0.449951171875 1.324102363123102 988
stats: tr_loginURL 492 858.0970597926195 319.87978765490226 5664.56591796875 7.505859375 703.1289453704562 4718
stats: 200 492 5209
stats: size_rcv 113975 1207525
stats: size_sent 76773 819540
stats: connected 7 150
# stats: dump at 1453913244
stats: users 175 175
stats: users_count 0 175
stats: finish_users_count 0 0
stats: request 473 614.1680874653142 229.09386213623154 5664.47412109375 7.363037109375 717.6260506950275 5210
stats: page 473 614.1680874653142 229.09386213623154 5664.47412109375 7.363037109375 717.6260506950275 5210
stats: connect 91 4.419090187156593 12.498535678996982 64.56884765625 0.449951171875 1.3507152288732391 1065
stats: tr_loginURL 473 614.2923793026564 229.09261238413495 5664.56591796875 7.505859375 717.7631703792287 5210
stats: 200 473 5682
stats: size_rcv 109678 1317203
stats: size_sent 77087 896627
stats: connected -2 148
# stats: dump at 1453913245
stats: users 175 175
stats: users_count 0 175
stats: finish_users_count 0 0
stats: request 41 911.7299745141006 54.708823246488 5664.47412109375 7.363037109375 709.0151732345921 5683
stats: page 41 911.7299745141006 54.708823246488 5664.47412109375 7.363037109375 709.0151732345921 5683
stats: connect 11 6.675914417613637 8.271897212051929 64.56884765625 0.449951171875 1.5922568562121537 1156
stats: tr_loginURL 41 911.847822980183 54.69531188384665 5664.56591796875 7.505859375 709.1512252482734 5683
stats: 200 41 5723
stats: size_rcv 9509 1326712
stats: size_sent 7222 903849
stats: connected 2 150
stats: error_abort 1 1
EndMonitor:{1453,913245,419613}
