# stats: dump at 1453914448
stats: users 5 5
stats: users_count 5 5
stats: finish_users_count 0 0
stats: request 24 27.715403238932293 9.104990031497495 46.02001953125 19.0458984375 0 0
stats: page 24 27.715403238932293 9.104990031497495 46.02001953125 19.0458984375 0 0
stats: connect 6 1.8709309895833333 1.3128818203833483 3.93701171875 0.7548828125 0 0
stats: tr_loginURL 24 28.990142822265625 9.312496850637382 46.133056640625 19.185791015625 0 0
stats: 200 24 24
stats: size_rcv 5587 5587
stats: size_sent 3768 3768
stats: connected 5 5
# stats: dump at 1453914458
stats: users 5 5
stats: users_count 0 5
stats: finish_users_count 0 0
stats: request 10 22.1373291015625 5.152831536456304 46.02001953125 19.026123046875 27.715403238932293 24
stats: page 10 22.1373291015625 5.152831536456304 46.02001953125 19.026123046875 27.715403238932293 24
stats: connect 3 1.08837890625 0.25324817376389935 3.93701171875 0.7548828125 1.8709309895833333 6
stats: tr_loginURL 10 22.3128662109375 5.147510456968045 46.133056640625 19.185791015625 28.990142822265625 24
stats: 200 10 34
stats: size_rcv 2329 7916
stats: size_sent 1570 5338
stats: connected -1 4
# stats: dump at 1453914468
stats: users 5 5
stats: users_count 0 5
stats: finish_users_count 0 0
stats: request 15 27.210660807291667 12.71093491368553 62.35205078125 18.996826171875 26.074793198529413 34
stats: page 15 27.210660807291667 12.71093491368553 62.35205078125 18.996826171875 26.074793198529413 34
stats: connect 3 1.2074381510416667 0.22512910576766051 3.93701171875 0.7548828125 1.6100802951388888 9
stats: tr_loginURL 15 27.6947265625 12.724798888232938 62.470947265625 19.108154296875 27.026237936580884 34
stats: 200 15 49
stats: size_rcv 3493 11409
stats: size_sent 2355 7693
stats: connected -1 3
# stats: dump at 1453914478
stats: users 5 5
stats: users_count 0 5
stats: finish_users_count 0 0
stats: request 24 21.889272054036457 4.994778933579711 62.35205078125 18.996826171875 26.422507772640305 49
stats: page 24 21.889272054036457 4.994778933579711 62.35205078125 18.996826171875 26.422507772640305 49
stats: connect 2 1.39501953125 0.0419921875 3.93701171875 0.7548828125 1.5094197591145833 12
stats: tr_loginURL 24 22.114532470703125 4.978411844554165 62.470947265625 19.108154296875 27.230877311862244 49
stats: 200 24 73
stats: size_rcv 5585 16994
stats: size_sent 3768 11461
stats: connected 2 5
# stats: dump at 1453914488
stats: users 5 5
stats: users_count 0 5
stats: finish_users_count 0 0
stats: request 19 21.870168585526315 4.68387076480444 62.35205078125 18.996826171875 24.93212890625 73
stats: page 19 21.870168585526315 4.68387076480444 62.35205078125 18.996826171875 24.93212890625 73
stats: connect 1 0.875 0.0 3.93701171875 0.7548828125 1.4930768694196428 14
stats: tr_loginURL 19 22.015625 4.684398302209344 62.470947265625 19.108154296875 25.548791336686644 73
stats: 200 19 92
stats: size_rcv 4425 21419
stats: size_sent 2983 14444
stats: connected -3 2
# stats: dump at 1453914498
stats: users 5 5
stats: users_count 0 5
stats: finish_users_count 0 0
stats: request 13 23.74628155048077 6.180201731665255 62.35205078125 18.970947265625 24.29976753566576 92
stats: page 13 23.74628155048077 6.180201731665255 62.35205078125 18.970947265625 24.29976753566576 92
stats: connect 4 0.86395263671875 0.11542345149563289 3.93701171875 0.68798828125 1.4518717447916667 15
stats: tr_loginURL 13 23.890399639423077 6.166432222573892 62.470947265625 19.101806640625 24.81911568019701 92
stats: 200 13 105
stats: size_rcv 3025 24444
stats: size_sent 2041 16485
stats: connected 3 5
# stats: dump at 1453914508
stats: users 5 5
stats: users_count 0 5
stats: finish_users_count 0 0
stats: request 18 21.15085177951389 3.250381709050576 62.35205078125 18.970947265625 24.23124069940476 105
stats: page 18 21.15085177951389 3.250381709050576 62.35205078125 18.970947265625 24.23124069940476 105
stats: connect 2 0.8895263671875 0.1134033203125 3.93701171875 0.68798828125 1.328099300986842 19
stats: tr_loginURL 18 21.31515842013889 3.2542661477138286 62.470947265625 19.101806640625 24.704131789434523 105
stats: 200 18 123
stats: size_rcv 4189 28633
stats: size_sent 2826 19311
stats: connected 0 5
# stats: dump at 1453914518
stats: users 5 5
stats: users_count 0 5
stats: finish_users_count 0 0
stats: request 11 20.996226917613637 3.7572594750860393 62.35205078125 18.970947265625 23.780452076981707 123
stats: page 11 20.996226917613637 3.7572594750860393 62.35205078125 18.970947265625 23.780452076981707 123
stats: connect 1 0.98681640625 0.0 3.93701171875 0.68798828125 1.2863304501488095 21
stats: tr_loginURL 11 21.122580788352273 3.7549097467431443 62.470947265625 19.101806640625 24.208184467098576 123
stats: 200 11 134
stats: size_rcv 2563 31196
stats: size_sent 1727 21038
stats: connected -3 2
# stats: dump at 1453914528
stats: users 5 5
stats: users_count 0 5
stats: finish_users_count 0 0
stats: request 16 21.841964721679688 4.68136688399624 62.35205078125 18.970947265625 23.551896280317163 134
stats: page 16 21.841964721679688 4.68136688399624 62.35205078125 18.970947265625 23.551896280317163 134
stats: connect 6 1.0024820963541667 0.06073075405290558 3.93701171875 0.68798828125 1.2727161754261365 22
stats: tr_loginURL 16 21.982177734375 4.6808926235833646 62.470947265625 19.101806640625 23.95488864272388 134
stats: 200 16 150
stats: size_rcv 3726 34922
stats: size_sent 2512 23550
stats: connected 3 5
# stats: dump at 1453914538
stats: users 5 5
stats: users_count 0 5
stats: finish_users_count 0 0
stats: request 13 21.906156099759617 6.810662860829661 62.35205078125 18.970947265625 23.369503580729166 150
stats: page 13 21.906156099759617 6.810662860829661 62.35205078125 18.970947265625 23.369503580729166 150
stats: connect 3 1.2349446614583333 0.20123125535272163 3.93701171875 0.68798828125 1.2148088727678572 28
stats: tr_loginURL 13 22.055833082932693 6.836495596359119 62.470947265625 19.101806640625 23.744466145833332 150
stats: 200 13 163
stats: size_rcv 3027 37949
stats: size_sent 2041 25591
stats: connected -1 4
# stats: dump at 1453914548
stats: users 5 5
stats: users_count 0 5
stats: finish_users_count 0 0
stats: request 14 22.409040178571427 6.931278713727946 62.35205078125 18.95703125 23.252794885927916 163
stats: page 14 22.409040178571427 6.931278713727946 62.35205078125 18.95703125 23.252794885927916 163
stats: connect 4 0.95928955078125 0.04878641254201221 3.93701171875 0.68798828125 1.2167574974798387 31
stats: tr_loginURL 14 22.537806919642858 6.926957722989798 62.470947265625 19.077880859375 23.609789889282975 163
stats: 200 14 177
stats: size_rcv 3259 41208
stats: size_sent 2198 27789
stats: connected 0 4
# stats: dump at 1453914558
stats: users 5 5
stats: users_count 0 5
stats: finish_users_count 0 0
stats: request 19 20.50719572368421 3.4527914575856267 62.35205078125 18.95703125 23.186057225459038 177
stats: page 19 20.50719572368421 3.4527914575856267 62.35205078125 18.95703125 23.186057225459038 177
stats: connect 2 1.0155029296875 0.0875244140625 3.93701171875 0.68798828125 1.1873325892857143 35
stats: tr_loginURL 19 20.65682822779605 3.4677279231440163 62.470947265625 19.077880859375 23.525000275865114 177
stats: 200 19 196
stats: size_rcv 4425 45633
stats: size_sent 2983 30772
stats: connected 0 4
# stats: dump at 1453914559
stats: users 5 5
stats: users_count 0 5
stats: finish_users_count 0 0
stats: request 0 0 0 62.35205078125 18.95703125 22.92637167171556 196
stats: page 0 0 0 62.35205078125 18.95703125 22.92637167171556 196
stats: connect 0 0 0 3.93701171875 0.68798828125 1.1780444995777026 37
stats: tr_loginURL 0 0 0 62.470947265625 19.077880859375 23.246963189572703 196
stats: 200 0 196
stats: size_rcv 0 45633
stats: size_sent 0 30772
stats: connected 0 4
stats: error_abort 1 1
EndMonitor:{1453,914559,384881}
